Command: vcs -full64 -kdb -lca -debug_access+all -sverilog +incdir+/home/holden/systemc_work/lib/UVM_ML-1.13.0/ml/frameworks/uvm/sv/1.1d-ml/src \
+incdir+/home/holden/systemc_work/lib/UVM_ML-1.13.0/ml/adapters/uvm_sv +incdir+../tb \
/home/holden/systemc_work/lib/UVM_ML-1.13.0/ml/frameworks/uvm/sv/1.1d-ml/src/uvm_pkg.sv \
/home/holden/systemc_work/lib/UVM_ML-1.13.0/ml/adapters/uvm_sv/uvm_ml_adapter.sv \
/home/holden/systemc_work/lib/UVM_ML-1.13.0/ml/frameworks/uvm/sv/1.1d-ml/src/dpi/uvm_dpi.cc \
-CFLAGS -DVCS -m64 -timescale=1ns/1ns +define+UVM_PACK_MAX_SIZE=12000000 -l comp.log \
-f ./filelist.f
                         Chronologic VCS (TM)
       Version U-2023.03-SP1_Full64 -- Tue May 21 20:43:24 2024

                    Copyright (c) 1991 - 2023 Synopsys, Inc.
   This software and the associated documentation are proprietary to Synopsys,
 Inc. This software may only be used in accordance with the terms and conditions
 of a written license agreement with Synopsys, Inc. All other use, reproduction,
   or distribution of this software is strictly prohibited.  Licensed Products
     communicate with Synopsys servers for the purpose of providing software
    updates, detecting software piracy and verifying that customers are using
    Licensed Products in conformity with the applicable License Key for such
  Licensed Products. Synopsys will use information gathered in connection with
    this process to deliver software updates and pursue software pirates and
                                   infringers.

 Inclusivity & Diversity - Visit SolvNetPlus to read the "Synopsys Statement on
            Inclusivity and Diversity" (Refer to article 000036315 at
                        https://solvnetplus.synopsys.com)


Warning-[LCA_FEATURES_ENABLED] Usage warning
  LCA features enabled by '-lca' argument on the command line.  For more 
  information regarding list of LCA features please refer to Chapter "LCA 
  features" in the VCS Release Notes

Parsing design file '/home/holden/systemc_work/lib/UVM_ML-1.13.0/ml/frameworks/uvm/sv/1.1d-ml/src/uvm_pkg.sv'
Parsing included file '/home/holden/systemc_work/lib/UVM_ML-1.13.0/ml/frameworks/uvm/sv/1.1d-ml/src/uvm_macros.svh'.
Parsing included file '/home/holden/systemc_work/lib/UVM_ML-1.13.0/ml/frameworks/uvm/sv/1.1d-ml/src/macros/uvm_version_defines.svh'.
Back to file '/home/holden/systemc_work/lib/UVM_ML-1.13.0/ml/frameworks/uvm/sv/1.1d-ml/src/uvm_macros.svh'.
Parsing included file '/home/holden/systemc_work/lib/UVM_ML-1.13.0/ml/frameworks/uvm/sv/1.1d-ml/src/macros/uvm_message_defines.svh'.
Back to file '/home/holden/systemc_work/lib/UVM_ML-1.13.0/ml/frameworks/uvm/sv/1.1d-ml/src/uvm_macros.svh'.
Parsing included file '/home/holden/systemc_work/lib/UVM_ML-1.13.0/ml/frameworks/uvm/sv/1.1d-ml/src/macros/uvm_phase_defines.svh'.
Back to file '/home/holden/systemc_work/lib/UVM_ML-1.13.0/ml/frameworks/uvm/sv/1.1d-ml/src/uvm_macros.svh'.
Parsing included file '/home/holden/systemc_work/lib/UVM_ML-1.13.0/ml/frameworks/uvm/sv/1.1d-ml/src/macros/uvm_object_defines.svh'.
Back to file '/home/holden/systemc_work/lib/UVM_ML-1.13.0/ml/frameworks/uvm/sv/1.1d-ml/src/uvm_macros.svh'.
Parsing included file '/home/holden/systemc_work/lib/UVM_ML-1.13.0/ml/frameworks/uvm/sv/1.1d-ml/src/macros/uvm_printer_defines.svh'.
Back to file '/home/holden/systemc_work/lib/UVM_ML-1.13.0/ml/frameworks/uvm/sv/1.1d-ml/src/uvm_macros.svh'.
Parsing included file '/home/holden/systemc_work/lib/UVM_ML-1.13.0/ml/frameworks/uvm/sv/1.1d-ml/src/macros/uvm_tlm_defines.svh'.
Parsing included file '/home/holden/systemc_work/lib/UVM_ML-1.13.0/ml/frameworks/uvm/sv/1.1d-ml/src/tlm1/uvm_tlm_imps.svh'.
Back to file '/home/holden/systemc_work/lib/UVM_ML-1.13.0/ml/frameworks/uvm/sv/1.1d-ml/src/macros/uvm_tlm_defines.svh'.
Back to file '/home/holden/systemc_work/lib/UVM_ML-1.13.0/ml/frameworks/uvm/sv/1.1d-ml/src/uvm_macros.svh'.
Parsing included file '/home/holden/systemc_work/lib/UVM_ML-1.13.0/ml/frameworks/uvm/sv/1.1d-ml/src/macros/uvm_sequence_defines.svh'.
Back to file '/home/holden/systemc_work/lib/UVM_ML-1.13.0/ml/frameworks/uvm/sv/1.1d-ml/src/uvm_macros.svh'.
Parsing included file '/home/holden/systemc_work/lib/UVM_ML-1.13.0/ml/frameworks/uvm/sv/1.1d-ml/src/macros/uvm_callback_defines.svh'.
Back to file '/home/holden/systemc_work/lib/UVM_ML-1.13.0/ml/frameworks/uvm/sv/1.1d-ml/src/uvm_macros.svh'.
Parsing included file '/home/holden/systemc_work/lib/UVM_ML-1.13.0/ml/frameworks/uvm/sv/1.1d-ml/src/macros/uvm_reg_defines.svh'.
Back to file '/home/holden/systemc_work/lib/UVM_ML-1.13.0/ml/frameworks/uvm/sv/1.1d-ml/src/uvm_macros.svh'.
Parsing included file '/home/holden/systemc_work/lib/UVM_ML-1.13.0/ml/frameworks/uvm/sv/1.1d-ml/src/macros/uvm_deprecated_defines.svh'.
Back to file '/home/holden/systemc_work/lib/UVM_ML-1.13.0/ml/frameworks/uvm/sv/1.1d-ml/src/uvm_macros.svh'.
Back to file '/home/holden/systemc_work/lib/UVM_ML-1.13.0/ml/frameworks/uvm/sv/1.1d-ml/src/uvm_pkg.sv'.
Parsing included file '/home/holden/systemc_work/lib/UVM_ML-1.13.0/ml/frameworks/uvm/sv/1.1d-ml/src/dpi/uvm_dpi.svh'.
Parsing included file '/home/holden/systemc_work/lib/UVM_ML-1.13.0/ml/frameworks/uvm/sv/1.1d-ml/src/dpi/uvm_hdl.svh'.
Back to file '/home/holden/systemc_work/lib/UVM_ML-1.13.0/ml/frameworks/uvm/sv/1.1d-ml/src/dpi/uvm_dpi.svh'.
Parsing included file '/home/holden/systemc_work/lib/UVM_ML-1.13.0/ml/frameworks/uvm/sv/1.1d-ml/src/dpi/uvm_svcmd_dpi.svh'.
Back to file '/home/holden/systemc_work/lib/UVM_ML-1.13.0/ml/frameworks/uvm/sv/1.1d-ml/src/dpi/uvm_dpi.svh'.
Parsing included file '/home/holden/systemc_work/lib/UVM_ML-1.13.0/ml/frameworks/uvm/sv/1.1d-ml/src/dpi/uvm_regex.svh'.
Back to file '/home/holden/systemc_work/lib/UVM_ML-1.13.0/ml/frameworks/uvm/sv/1.1d-ml/src/dpi/uvm_dpi.svh'.
Back to file '/home/holden/systemc_work/lib/UVM_ML-1.13.0/ml/frameworks/uvm/sv/1.1d-ml/src/uvm_pkg.sv'.
Parsing included file '/home/holden/systemc_work/lib/UVM_ML-1.13.0/ml/frameworks/uvm/sv/1.1d-ml/src/base/uvm_base.svh'.
Parsing included file '/home/holden/systemc_work/lib/UVM_ML-1.13.0/ml/frameworks/uvm/sv/1.1d-ml/src/base/uvm_version.svh'.
Back to file '/home/holden/systemc_work/lib/UVM_ML-1.13.0/ml/frameworks/uvm/sv/1.1d-ml/src/base/uvm_base.svh'.
Parsing included file '/home/holden/systemc_work/lib/UVM_ML-1.13.0/ml/frameworks/uvm/sv/1.1d-ml/src/base/uvm_object_globals.svh'.
Back to file '/home/holden/systemc_work/lib/UVM_ML-1.13.0/ml/frameworks/uvm/sv/1.1d-ml/src/base/uvm_base.svh'.
Parsing included file '/home/holden/systemc_work/lib/UVM_ML-1.13.0/ml/frameworks/uvm/sv/1.1d-ml/src/base/uvm_misc.svh'.
Back to file '/home/holden/systemc_work/lib/UVM_ML-1.13.0/ml/frameworks/uvm/sv/1.1d-ml/src/base/uvm_base.svh'.
Parsing included file '/home/holden/systemc_work/lib/UVM_ML-1.13.0/ml/frameworks/uvm/sv/1.1d-ml/src/base/uvm_object.svh'.
Back to file '/home/holden/systemc_work/lib/UVM_ML-1.13.0/ml/frameworks/uvm/sv/1.1d-ml/src/base/uvm_base.svh'.
Parsing included file '/home/holden/systemc_work/lib/UVM_ML-1.13.0/ml/frameworks/uvm/sv/1.1d-ml/src/base/uvm_pool.svh'.
Back to file '/home/holden/systemc_work/lib/UVM_ML-1.13.0/ml/frameworks/uvm/sv/1.1d-ml/src/base/uvm_base.svh'.
Parsing included file '/home/holden/systemc_work/lib/UVM_ML-1.13.0/ml/frameworks/uvm/sv/1.1d-ml/src/base/uvm_queue.svh'.
Back to file '/home/holden/systemc_work/lib/UVM_ML-1.13.0/ml/frameworks/uvm/sv/1.1d-ml/src/base/uvm_base.svh'.
Parsing included file '/home/holden/systemc_work/lib/UVM_ML-1.13.0/ml/frameworks/uvm/sv/1.1d-ml/src/base/uvm_factory.svh'.
Back to file '/home/holden/systemc_work/lib/UVM_ML-1.13.0/ml/frameworks/uvm/sv/1.1d-ml/src/base/uvm_base.svh'.
Parsing included file '/home/holden/systemc_work/lib/UVM_ML-1.13.0/ml/frameworks/uvm/sv/1.1d-ml/src/base/uvm_registry.svh'.
Back to file '/home/holden/systemc_work/lib/UVM_ML-1.13.0/ml/frameworks/uvm/sv/1.1d-ml/src/base/uvm_base.svh'.
Parsing included file '/home/holden/systemc_work/lib/UVM_ML-1.13.0/ml/frameworks/uvm/sv/1.1d-ml/src/base/uvm_spell_chkr.svh'.
Back to file '/home/holden/systemc_work/lib/UVM_ML-1.13.0/ml/frameworks/uvm/sv/1.1d-ml/src/base/uvm_base.svh'.
Parsing included file '/home/holden/systemc_work/lib/UVM_ML-1.13.0/ml/frameworks/uvm/sv/1.1d-ml/src/base/uvm_resource.svh'.
Back to file '/home/holden/systemc_work/lib/UVM_ML-1.13.0/ml/frameworks/uvm/sv/1.1d-ml/src/base/uvm_base.svh'.
Parsing included file '/home/holden/systemc_work/lib/UVM_ML-1.13.0/ml/frameworks/uvm/sv/1.1d-ml/src/deprecated/uvm_resource_converter.svh'.
Back to file '/home/holden/systemc_work/lib/UVM_ML-1.13.0/ml/frameworks/uvm/sv/1.1d-ml/src/base/uvm_base.svh'.
Parsing included file '/home/holden/systemc_work/lib/UVM_ML-1.13.0/ml/frameworks/uvm/sv/1.1d-ml/src/base/uvm_resource_specializations.svh'.
Back to file '/home/holden/systemc_work/lib/UVM_ML-1.13.0/ml/frameworks/uvm/sv/1.1d-ml/src/base/uvm_base.svh'.
Parsing included file '/home/holden/systemc_work/lib/UVM_ML-1.13.0/ml/frameworks/uvm/sv/1.1d-ml/src/base/uvm_resource_db.svh'.
Back to file '/home/holden/systemc_work/lib/UVM_ML-1.13.0/ml/frameworks/uvm/sv/1.1d-ml/src/base/uvm_base.svh'.
Parsing included file '/home/holden/systemc_work/lib/UVM_ML-1.13.0/ml/frameworks/uvm/sv/1.1d-ml/src/base/uvm_config_db.svh'.
Back to file '/home/holden/systemc_work/lib/UVM_ML-1.13.0/ml/frameworks/uvm/sv/1.1d-ml/src/base/uvm_base.svh'.
Parsing included file '/home/holden/systemc_work/lib/UVM_ML-1.13.0/ml/frameworks/uvm/sv/1.1d-ml/src/base/uvm_printer.svh'.
Back to file '/home/holden/systemc_work/lib/UVM_ML-1.13.0/ml/frameworks/uvm/sv/1.1d-ml/src/base/uvm_base.svh'.
Parsing included file '/home/holden/systemc_work/lib/UVM_ML-1.13.0/ml/frameworks/uvm/sv/1.1d-ml/src/base/uvm_comparer.svh'.
Back to file '/home/holden/systemc_work/lib/UVM_ML-1.13.0/ml/frameworks/uvm/sv/1.1d-ml/src/base/uvm_base.svh'.
Parsing included file '/home/holden/systemc_work/lib/UVM_ML-1.13.0/ml/frameworks/uvm/sv/1.1d-ml/src/base/uvm_packer.svh'.
Back to file '/home/holden/systemc_work/lib/UVM_ML-1.13.0/ml/frameworks/uvm/sv/1.1d-ml/src/base/uvm_base.svh'.
Parsing included file '/home/holden/systemc_work/lib/UVM_ML-1.13.0/ml/frameworks/uvm/sv/1.1d-ml/src/base/uvm_recorder.svh'.
Back to file '/home/holden/systemc_work/lib/UVM_ML-1.13.0/ml/frameworks/uvm/sv/1.1d-ml/src/base/uvm_base.svh'.
Parsing included file '/home/holden/systemc_work/lib/UVM_ML-1.13.0/ml/frameworks/uvm/sv/1.1d-ml/src/base/uvm_event_callback.svh'.
Back to file '/home/holden/systemc_work/lib/UVM_ML-1.13.0/ml/frameworks/uvm/sv/1.1d-ml/src/base/uvm_base.svh'.
Parsing included file '/home/holden/systemc_work/lib/UVM_ML-1.13.0/ml/frameworks/uvm/sv/1.1d-ml/src/base/uvm_event.svh'.
Back to file '/home/holden/systemc_work/lib/UVM_ML-1.13.0/ml/frameworks/uvm/sv/1.1d-ml/src/base/uvm_base.svh'.
Parsing included file '/home/holden/systemc_work/lib/UVM_ML-1.13.0/ml/frameworks/uvm/sv/1.1d-ml/src/base/uvm_barrier.svh'.
Back to file '/home/holden/systemc_work/lib/UVM_ML-1.13.0/ml/frameworks/uvm/sv/1.1d-ml/src/base/uvm_base.svh'.
Parsing included file '/home/holden/systemc_work/lib/UVM_ML-1.13.0/ml/frameworks/uvm/sv/1.1d-ml/src/base/uvm_callback.svh'.
Parsing included file '/home/holden/systemc_work/lib/UVM_ML-1.13.0/ml/frameworks/uvm/sv/1.1d-ml/src/uvm_macros.svh'.
Back to file '/home/holden/systemc_work/lib/UVM_ML-1.13.0/ml/frameworks/uvm/sv/1.1d-ml/src/base/uvm_callback.svh'.
Back to file '/home/holden/systemc_work/lib/UVM_ML-1.13.0/ml/frameworks/uvm/sv/1.1d-ml/src/base/uvm_base.svh'.
Parsing included file '/home/holden/systemc_work/lib/UVM_ML-1.13.0/ml/frameworks/uvm/sv/1.1d-ml/src/base/uvm_report_catcher.svh'.
Back to file '/home/holden/systemc_work/lib/UVM_ML-1.13.0/ml/frameworks/uvm/sv/1.1d-ml/src/base/uvm_base.svh'.
Parsing included file '/home/holden/systemc_work/lib/UVM_ML-1.13.0/ml/frameworks/uvm/sv/1.1d-ml/src/base/uvm_report_server.svh'.
Back to file '/home/holden/systemc_work/lib/UVM_ML-1.13.0/ml/frameworks/uvm/sv/1.1d-ml/src/base/uvm_base.svh'.
Parsing included file '/home/holden/systemc_work/lib/UVM_ML-1.13.0/ml/frameworks/uvm/sv/1.1d-ml/src/base/uvm_report_handler.svh'.
Back to file '/home/holden/systemc_work/lib/UVM_ML-1.13.0/ml/frameworks/uvm/sv/1.1d-ml/src/base/uvm_base.svh'.
Parsing included file '/home/holden/systemc_work/lib/UVM_ML-1.13.0/ml/frameworks/uvm/sv/1.1d-ml/src/base/uvm_report_object.svh'.
Back to file '/home/holden/systemc_work/lib/UVM_ML-1.13.0/ml/frameworks/uvm/sv/1.1d-ml/src/base/uvm_base.svh'.
Parsing included file '/home/holden/systemc_work/lib/UVM_ML-1.13.0/ml/frameworks/uvm/sv/1.1d-ml/src/base/uvm_transaction.svh'.
Back to file '/home/holden/systemc_work/lib/UVM_ML-1.13.0/ml/frameworks/uvm/sv/1.1d-ml/src/base/uvm_base.svh'.
Parsing included file '/home/holden/systemc_work/lib/UVM_ML-1.13.0/ml/frameworks/uvm/sv/1.1d-ml/src/base/uvm_phase.svh'.
Back to file '/home/holden/systemc_work/lib/UVM_ML-1.13.0/ml/frameworks/uvm/sv/1.1d-ml/src/base/uvm_base.svh'.
Parsing included file '/home/holden/systemc_work/lib/UVM_ML-1.13.0/ml/frameworks/uvm/sv/1.1d-ml/src/base/uvm_domain.svh'.
Back to file '/home/holden/systemc_work/lib/UVM_ML-1.13.0/ml/frameworks/uvm/sv/1.1d-ml/src/base/uvm_base.svh'.
Parsing included file '/home/holden/systemc_work/lib/UVM_ML-1.13.0/ml/frameworks/uvm/sv/1.1d-ml/src/base/uvm_bottomup_phase.svh'.
Back to file '/home/holden/systemc_work/lib/UVM_ML-1.13.0/ml/frameworks/uvm/sv/1.1d-ml/src/base/uvm_base.svh'.
Parsing included file '/home/holden/systemc_work/lib/UVM_ML-1.13.0/ml/frameworks/uvm/sv/1.1d-ml/src/base/uvm_topdown_phase.svh'.
Back to file '/home/holden/systemc_work/lib/UVM_ML-1.13.0/ml/frameworks/uvm/sv/1.1d-ml/src/base/uvm_base.svh'.
Parsing included file '/home/holden/systemc_work/lib/UVM_ML-1.13.0/ml/frameworks/uvm/sv/1.1d-ml/src/base/uvm_task_phase.svh'.
Back to file '/home/holden/systemc_work/lib/UVM_ML-1.13.0/ml/frameworks/uvm/sv/1.1d-ml/src/base/uvm_base.svh'.
Parsing included file '/home/holden/systemc_work/lib/UVM_ML-1.13.0/ml/frameworks/uvm/sv/1.1d-ml/src/base/uvm_common_phases.svh'.
Back to file '/home/holden/systemc_work/lib/UVM_ML-1.13.0/ml/frameworks/uvm/sv/1.1d-ml/src/base/uvm_base.svh'.
Parsing included file '/home/holden/systemc_work/lib/UVM_ML-1.13.0/ml/frameworks/uvm/sv/1.1d-ml/src/base/uvm_runtime_phases.svh'.
Back to file '/home/holden/systemc_work/lib/UVM_ML-1.13.0/ml/frameworks/uvm/sv/1.1d-ml/src/base/uvm_base.svh'.
Parsing included file '/home/holden/systemc_work/lib/UVM_ML-1.13.0/ml/frameworks/uvm/sv/1.1d-ml/src/base/uvm_component.svh'.
Parsing included file '/home/holden/systemc_work/lib/UVM_ML-1.13.0/ml/frameworks/uvm/sv/1.1d-ml/src/base/uvm_root.svh'.
Back to file '/home/holden/systemc_work/lib/UVM_ML-1.13.0/ml/frameworks/uvm/sv/1.1d-ml/src/base/uvm_component.svh'.
Back to file '/home/holden/systemc_work/lib/UVM_ML-1.13.0/ml/frameworks/uvm/sv/1.1d-ml/src/base/uvm_base.svh'.
Parsing included file '/home/holden/systemc_work/lib/UVM_ML-1.13.0/ml/frameworks/uvm/sv/1.1d-ml/src/base/uvm_objection.svh'.
Back to file '/home/holden/systemc_work/lib/UVM_ML-1.13.0/ml/frameworks/uvm/sv/1.1d-ml/src/base/uvm_base.svh'.
Parsing included file '/home/holden/systemc_work/lib/UVM_ML-1.13.0/ml/frameworks/uvm/sv/1.1d-ml/src/base/uvm_heartbeat.svh'.
Back to file '/home/holden/systemc_work/lib/UVM_ML-1.13.0/ml/frameworks/uvm/sv/1.1d-ml/src/base/uvm_base.svh'.
Parsing included file '/home/holden/systemc_work/lib/UVM_ML-1.13.0/ml/frameworks/uvm/sv/1.1d-ml/src/base/uvm_globals.svh'.
Back to file '/home/holden/systemc_work/lib/UVM_ML-1.13.0/ml/frameworks/uvm/sv/1.1d-ml/src/base/uvm_base.svh'.
Parsing included file '/home/holden/systemc_work/lib/UVM_ML-1.13.0/ml/frameworks/uvm/sv/1.1d-ml/src/base/uvm_cmdline_processor.svh'.
Back to file '/home/holden/systemc_work/lib/UVM_ML-1.13.0/ml/frameworks/uvm/sv/1.1d-ml/src/base/uvm_base.svh'.
Back to file '/home/holden/systemc_work/lib/UVM_ML-1.13.0/ml/frameworks/uvm/sv/1.1d-ml/src/uvm_pkg.sv'.
Parsing included file '/home/holden/systemc_work/lib/UVM_ML-1.13.0/ml/frameworks/uvm/sv/1.1d-ml/src/tlm1/uvm_tlm.svh'.
Parsing included file '/home/holden/systemc_work/lib/UVM_ML-1.13.0/ml/frameworks/uvm/sv/1.1d-ml/src/tlm1/uvm_tlm_ifs.svh'.
Back to file '/home/holden/systemc_work/lib/UVM_ML-1.13.0/ml/frameworks/uvm/sv/1.1d-ml/src/tlm1/uvm_tlm.svh'.
Parsing included file '/home/holden/systemc_work/lib/UVM_ML-1.13.0/ml/frameworks/uvm/sv/1.1d-ml/src/tlm1/uvm_sqr_ifs.svh'.
Back to file '/home/holden/systemc_work/lib/UVM_ML-1.13.0/ml/frameworks/uvm/sv/1.1d-ml/src/tlm1/uvm_tlm.svh'.
Parsing included file '/home/holden/systemc_work/lib/UVM_ML-1.13.0/ml/frameworks/uvm/sv/1.1d-ml/src/base/uvm_port_base.svh'.
Back to file '/home/holden/systemc_work/lib/UVM_ML-1.13.0/ml/frameworks/uvm/sv/1.1d-ml/src/tlm1/uvm_tlm.svh'.
Parsing included file '/home/holden/systemc_work/lib/UVM_ML-1.13.0/ml/frameworks/uvm/sv/1.1d-ml/src/tlm1/uvm_tlm_imps.svh'.
Back to file '/home/holden/systemc_work/lib/UVM_ML-1.13.0/ml/frameworks/uvm/sv/1.1d-ml/src/tlm1/uvm_tlm.svh'.
Parsing included file '/home/holden/systemc_work/lib/UVM_ML-1.13.0/ml/frameworks/uvm/sv/1.1d-ml/src/tlm1/uvm_imps.svh'.
Back to file '/home/holden/systemc_work/lib/UVM_ML-1.13.0/ml/frameworks/uvm/sv/1.1d-ml/src/tlm1/uvm_tlm.svh'.
Parsing included file '/home/holden/systemc_work/lib/UVM_ML-1.13.0/ml/frameworks/uvm/sv/1.1d-ml/src/tlm1/uvm_ports.svh'.
Back to file '/home/holden/systemc_work/lib/UVM_ML-1.13.0/ml/frameworks/uvm/sv/1.1d-ml/src/tlm1/uvm_tlm.svh'.
Parsing included file '/home/holden/systemc_work/lib/UVM_ML-1.13.0/ml/frameworks/uvm/sv/1.1d-ml/src/tlm1/uvm_exports.svh'.
Back to file '/home/holden/systemc_work/lib/UVM_ML-1.13.0/ml/frameworks/uvm/sv/1.1d-ml/src/tlm1/uvm_tlm.svh'.
Parsing included file '/home/holden/systemc_work/lib/UVM_ML-1.13.0/ml/frameworks/uvm/sv/1.1d-ml/src/tlm1/uvm_analysis_port.svh'.
Back to file '/home/holden/systemc_work/lib/UVM_ML-1.13.0/ml/frameworks/uvm/sv/1.1d-ml/src/tlm1/uvm_tlm.svh'.
Parsing included file '/home/holden/systemc_work/lib/UVM_ML-1.13.0/ml/frameworks/uvm/sv/1.1d-ml/src/tlm1/uvm_tlm_fifo_base.svh'.
Back to file '/home/holden/systemc_work/lib/UVM_ML-1.13.0/ml/frameworks/uvm/sv/1.1d-ml/src/tlm1/uvm_tlm.svh'.
Parsing included file '/home/holden/systemc_work/lib/UVM_ML-1.13.0/ml/frameworks/uvm/sv/1.1d-ml/src/tlm1/uvm_tlm_fifos.svh'.
Back to file '/home/holden/systemc_work/lib/UVM_ML-1.13.0/ml/frameworks/uvm/sv/1.1d-ml/src/tlm1/uvm_tlm.svh'.
Parsing included file '/home/holden/systemc_work/lib/UVM_ML-1.13.0/ml/frameworks/uvm/sv/1.1d-ml/src/tlm1/uvm_tlm_req_rsp.svh'.
Back to file '/home/holden/systemc_work/lib/UVM_ML-1.13.0/ml/frameworks/uvm/sv/1.1d-ml/src/tlm1/uvm_tlm.svh'.
Parsing included file '/home/holden/systemc_work/lib/UVM_ML-1.13.0/ml/frameworks/uvm/sv/1.1d-ml/src/tlm1/uvm_sqr_connections.svh'.
Back to file '/home/holden/systemc_work/lib/UVM_ML-1.13.0/ml/frameworks/uvm/sv/1.1d-ml/src/tlm1/uvm_tlm.svh'.
Back to file '/home/holden/systemc_work/lib/UVM_ML-1.13.0/ml/frameworks/uvm/sv/1.1d-ml/src/uvm_pkg.sv'.
Parsing included file '/home/holden/systemc_work/lib/UVM_ML-1.13.0/ml/frameworks/uvm/sv/1.1d-ml/src/comps/uvm_comps.svh'.
Parsing included file '/home/holden/systemc_work/lib/UVM_ML-1.13.0/ml/frameworks/uvm/sv/1.1d-ml/src/comps/uvm_pair.svh'.
Back to file '/home/holden/systemc_work/lib/UVM_ML-1.13.0/ml/frameworks/uvm/sv/1.1d-ml/src/comps/uvm_comps.svh'.
Parsing included file '/home/holden/systemc_work/lib/UVM_ML-1.13.0/ml/frameworks/uvm/sv/1.1d-ml/src/comps/uvm_policies.svh'.
Back to file '/home/holden/systemc_work/lib/UVM_ML-1.13.0/ml/frameworks/uvm/sv/1.1d-ml/src/comps/uvm_comps.svh'.
Parsing included file '/home/holden/systemc_work/lib/UVM_ML-1.13.0/ml/frameworks/uvm/sv/1.1d-ml/src/comps/uvm_in_order_comparator.svh'.
Back to file '/home/holden/systemc_work/lib/UVM_ML-1.13.0/ml/frameworks/uvm/sv/1.1d-ml/src/comps/uvm_comps.svh'.
Parsing included file '/home/holden/systemc_work/lib/UVM_ML-1.13.0/ml/frameworks/uvm/sv/1.1d-ml/src/comps/uvm_algorithmic_comparator.svh'.
Back to file '/home/holden/systemc_work/lib/UVM_ML-1.13.0/ml/frameworks/uvm/sv/1.1d-ml/src/comps/uvm_comps.svh'.
Parsing included file '/home/holden/systemc_work/lib/UVM_ML-1.13.0/ml/frameworks/uvm/sv/1.1d-ml/src/comps/uvm_random_stimulus.svh'.
Back to file '/home/holden/systemc_work/lib/UVM_ML-1.13.0/ml/frameworks/uvm/sv/1.1d-ml/src/comps/uvm_comps.svh'.
Parsing included file '/home/holden/systemc_work/lib/UVM_ML-1.13.0/ml/frameworks/uvm/sv/1.1d-ml/src/comps/uvm_subscriber.svh'.
Back to file '/home/holden/systemc_work/lib/UVM_ML-1.13.0/ml/frameworks/uvm/sv/1.1d-ml/src/comps/uvm_comps.svh'.
Parsing included file '/home/holden/systemc_work/lib/UVM_ML-1.13.0/ml/frameworks/uvm/sv/1.1d-ml/src/comps/uvm_monitor.svh'.
Back to file '/home/holden/systemc_work/lib/UVM_ML-1.13.0/ml/frameworks/uvm/sv/1.1d-ml/src/comps/uvm_comps.svh'.
Parsing included file '/home/holden/systemc_work/lib/UVM_ML-1.13.0/ml/frameworks/uvm/sv/1.1d-ml/src/comps/uvm_driver.svh'.
Back to file '/home/holden/systemc_work/lib/UVM_ML-1.13.0/ml/frameworks/uvm/sv/1.1d-ml/src/comps/uvm_comps.svh'.
Parsing included file '/home/holden/systemc_work/lib/UVM_ML-1.13.0/ml/frameworks/uvm/sv/1.1d-ml/src/comps/uvm_push_driver.svh'.
Back to file '/home/holden/systemc_work/lib/UVM_ML-1.13.0/ml/frameworks/uvm/sv/1.1d-ml/src/comps/uvm_comps.svh'.
Parsing included file '/home/holden/systemc_work/lib/UVM_ML-1.13.0/ml/frameworks/uvm/sv/1.1d-ml/src/comps/uvm_scoreboard.svh'.
Back to file '/home/holden/systemc_work/lib/UVM_ML-1.13.0/ml/frameworks/uvm/sv/1.1d-ml/src/comps/uvm_comps.svh'.
Parsing included file '/home/holden/systemc_work/lib/UVM_ML-1.13.0/ml/frameworks/uvm/sv/1.1d-ml/src/comps/uvm_agent.svh'.
Back to file '/home/holden/systemc_work/lib/UVM_ML-1.13.0/ml/frameworks/uvm/sv/1.1d-ml/src/comps/uvm_comps.svh'.
Parsing included file '/home/holden/systemc_work/lib/UVM_ML-1.13.0/ml/frameworks/uvm/sv/1.1d-ml/src/comps/uvm_env.svh'.
Back to file '/home/holden/systemc_work/lib/UVM_ML-1.13.0/ml/frameworks/uvm/sv/1.1d-ml/src/comps/uvm_comps.svh'.
Parsing included file '/home/holden/systemc_work/lib/UVM_ML-1.13.0/ml/frameworks/uvm/sv/1.1d-ml/src/comps/uvm_test.svh'.
Back to file '/home/holden/systemc_work/lib/UVM_ML-1.13.0/ml/frameworks/uvm/sv/1.1d-ml/src/comps/uvm_comps.svh'.
Back to file '/home/holden/systemc_work/lib/UVM_ML-1.13.0/ml/frameworks/uvm/sv/1.1d-ml/src/uvm_pkg.sv'.
Parsing included file '/home/holden/systemc_work/lib/UVM_ML-1.13.0/ml/frameworks/uvm/sv/1.1d-ml/src/seq/uvm_seq.svh'.
Parsing included file '/home/holden/systemc_work/lib/UVM_ML-1.13.0/ml/frameworks/uvm/sv/1.1d-ml/src/seq/uvm_sequence_item.svh'.
Back to file '/home/holden/systemc_work/lib/UVM_ML-1.13.0/ml/frameworks/uvm/sv/1.1d-ml/src/seq/uvm_seq.svh'.
Parsing included file '/home/holden/systemc_work/lib/UVM_ML-1.13.0/ml/frameworks/uvm/sv/1.1d-ml/src/seq/uvm_sequencer_base.svh'.
Back to file '/home/holden/systemc_work/lib/UVM_ML-1.13.0/ml/frameworks/uvm/sv/1.1d-ml/src/seq/uvm_seq.svh'.
Parsing included file '/home/holden/systemc_work/lib/UVM_ML-1.13.0/ml/frameworks/uvm/sv/1.1d-ml/src/seq/uvm_sequencer_analysis_fifo.svh'.
Back to file '/home/holden/systemc_work/lib/UVM_ML-1.13.0/ml/frameworks/uvm/sv/1.1d-ml/src/seq/uvm_seq.svh'.
Parsing included file '/home/holden/systemc_work/lib/UVM_ML-1.13.0/ml/frameworks/uvm/sv/1.1d-ml/src/seq/uvm_sequencer_param_base.svh'.
Back to file '/home/holden/systemc_work/lib/UVM_ML-1.13.0/ml/frameworks/uvm/sv/1.1d-ml/src/seq/uvm_seq.svh'.
Parsing included file '/home/holden/systemc_work/lib/UVM_ML-1.13.0/ml/frameworks/uvm/sv/1.1d-ml/src/seq/uvm_sequencer.svh'.
Back to file '/home/holden/systemc_work/lib/UVM_ML-1.13.0/ml/frameworks/uvm/sv/1.1d-ml/src/seq/uvm_seq.svh'.
Parsing included file '/home/holden/systemc_work/lib/UVM_ML-1.13.0/ml/frameworks/uvm/sv/1.1d-ml/src/seq/uvm_push_sequencer.svh'.
Back to file '/home/holden/systemc_work/lib/UVM_ML-1.13.0/ml/frameworks/uvm/sv/1.1d-ml/src/seq/uvm_seq.svh'.
Parsing included file '/home/holden/systemc_work/lib/UVM_ML-1.13.0/ml/frameworks/uvm/sv/1.1d-ml/src/seq/uvm_sequence_base.svh'.
Back to file '/home/holden/systemc_work/lib/UVM_ML-1.13.0/ml/frameworks/uvm/sv/1.1d-ml/src/seq/uvm_seq.svh'.
Parsing included file '/home/holden/systemc_work/lib/UVM_ML-1.13.0/ml/frameworks/uvm/sv/1.1d-ml/src/seq/uvm_sequence.svh'.
Back to file '/home/holden/systemc_work/lib/UVM_ML-1.13.0/ml/frameworks/uvm/sv/1.1d-ml/src/seq/uvm_seq.svh'.
Parsing included file '/home/holden/systemc_work/lib/UVM_ML-1.13.0/ml/frameworks/uvm/sv/1.1d-ml/src/seq/uvm_sequence_library.svh'.
Back to file '/home/holden/systemc_work/lib/UVM_ML-1.13.0/ml/frameworks/uvm/sv/1.1d-ml/src/seq/uvm_seq.svh'.
Parsing included file '/home/holden/systemc_work/lib/UVM_ML-1.13.0/ml/frameworks/uvm/sv/1.1d-ml/src/seq/uvm_sequence_builtin.svh'.
Back to file '/home/holden/systemc_work/lib/UVM_ML-1.13.0/ml/frameworks/uvm/sv/1.1d-ml/src/seq/uvm_seq.svh'.
Back to file '/home/holden/systemc_work/lib/UVM_ML-1.13.0/ml/frameworks/uvm/sv/1.1d-ml/src/uvm_pkg.sv'.
Parsing included file '/home/holden/systemc_work/lib/UVM_ML-1.13.0/ml/frameworks/uvm/sv/1.1d-ml/src/tlm2/uvm_tlm2.svh'.
Parsing included file '/home/holden/systemc_work/lib/UVM_ML-1.13.0/ml/frameworks/uvm/sv/1.1d-ml/src/tlm2/uvm_tlm2_defines.svh'.
Back to file '/home/holden/systemc_work/lib/UVM_ML-1.13.0/ml/frameworks/uvm/sv/1.1d-ml/src/tlm2/uvm_tlm2.svh'.
Parsing included file '/home/holden/systemc_work/lib/UVM_ML-1.13.0/ml/frameworks/uvm/sv/1.1d-ml/src/tlm2/uvm_tlm2_time.svh'.
Back to file '/home/holden/systemc_work/lib/UVM_ML-1.13.0/ml/frameworks/uvm/sv/1.1d-ml/src/tlm2/uvm_tlm2.svh'.
Parsing included file '/home/holden/systemc_work/lib/UVM_ML-1.13.0/ml/frameworks/uvm/sv/1.1d-ml/src/tlm2/uvm_tlm2_generic_payload.svh'.
Back to file '/home/holden/systemc_work/lib/UVM_ML-1.13.0/ml/frameworks/uvm/sv/1.1d-ml/src/tlm2/uvm_tlm2.svh'.
Parsing included file '/home/holden/systemc_work/lib/UVM_ML-1.13.0/ml/frameworks/uvm/sv/1.1d-ml/src/tlm2/uvm_tlm2_ifs.svh'.
Back to file '/home/holden/systemc_work/lib/UVM_ML-1.13.0/ml/frameworks/uvm/sv/1.1d-ml/src/tlm2/uvm_tlm2.svh'.
Parsing included file '/home/holden/systemc_work/lib/UVM_ML-1.13.0/ml/frameworks/uvm/sv/1.1d-ml/src/tlm2/uvm_tlm2_imps.svh'.
Back to file '/home/holden/systemc_work/lib/UVM_ML-1.13.0/ml/frameworks/uvm/sv/1.1d-ml/src/tlm2/uvm_tlm2.svh'.
Parsing included file '/home/holden/systemc_work/lib/UVM_ML-1.13.0/ml/frameworks/uvm/sv/1.1d-ml/src/tlm2/uvm_tlm2_ports.svh'.
Back to file '/home/holden/systemc_work/lib/UVM_ML-1.13.0/ml/frameworks/uvm/sv/1.1d-ml/src/tlm2/uvm_tlm2.svh'.
Parsing included file '/home/holden/systemc_work/lib/UVM_ML-1.13.0/ml/frameworks/uvm/sv/1.1d-ml/src/tlm2/uvm_tlm2_exports.svh'.
Back to file '/home/holden/systemc_work/lib/UVM_ML-1.13.0/ml/frameworks/uvm/sv/1.1d-ml/src/tlm2/uvm_tlm2.svh'.
Parsing included file '/home/holden/systemc_work/lib/UVM_ML-1.13.0/ml/frameworks/uvm/sv/1.1d-ml/src/tlm2/uvm_tlm2_sockets_base.svh'.
Back to file '/home/holden/systemc_work/lib/UVM_ML-1.13.0/ml/frameworks/uvm/sv/1.1d-ml/src/tlm2/uvm_tlm2.svh'.
Parsing included file '/home/holden/systemc_work/lib/UVM_ML-1.13.0/ml/frameworks/uvm/sv/1.1d-ml/src/tlm2/uvm_tlm2_sockets.svh'.
Back to file '/home/holden/systemc_work/lib/UVM_ML-1.13.0/ml/frameworks/uvm/sv/1.1d-ml/src/tlm2/uvm_tlm2.svh'.
Back to file '/home/holden/systemc_work/lib/UVM_ML-1.13.0/ml/frameworks/uvm/sv/1.1d-ml/src/uvm_pkg.sv'.
Parsing included file '/home/holden/systemc_work/lib/UVM_ML-1.13.0/ml/frameworks/uvm/sv/1.1d-ml/src/reg/uvm_reg_model.svh'.
Parsing included file '/home/holden/systemc_work/lib/UVM_ML-1.13.0/ml/frameworks/uvm/sv/1.1d-ml/src/reg/uvm_reg_item.svh'.
Back to file '/home/holden/systemc_work/lib/UVM_ML-1.13.0/ml/frameworks/uvm/sv/1.1d-ml/src/reg/uvm_reg_model.svh'.
Parsing included file '/home/holden/systemc_work/lib/UVM_ML-1.13.0/ml/frameworks/uvm/sv/1.1d-ml/src/reg/uvm_reg_adapter.svh'.
Back to file '/home/holden/systemc_work/lib/UVM_ML-1.13.0/ml/frameworks/uvm/sv/1.1d-ml/src/reg/uvm_reg_model.svh'.
Parsing included file '/home/holden/systemc_work/lib/UVM_ML-1.13.0/ml/frameworks/uvm/sv/1.1d-ml/src/reg/uvm_reg_predictor.svh'.
Back to file '/home/holden/systemc_work/lib/UVM_ML-1.13.0/ml/frameworks/uvm/sv/1.1d-ml/src/reg/uvm_reg_model.svh'.
Parsing included file '/home/holden/systemc_work/lib/UVM_ML-1.13.0/ml/frameworks/uvm/sv/1.1d-ml/src/reg/uvm_reg_sequence.svh'.
Back to file '/home/holden/systemc_work/lib/UVM_ML-1.13.0/ml/frameworks/uvm/sv/1.1d-ml/src/reg/uvm_reg_model.svh'.
Parsing included file '/home/holden/systemc_work/lib/UVM_ML-1.13.0/ml/frameworks/uvm/sv/1.1d-ml/src/reg/uvm_reg_cbs.svh'.
Back to file '/home/holden/systemc_work/lib/UVM_ML-1.13.0/ml/frameworks/uvm/sv/1.1d-ml/src/reg/uvm_reg_model.svh'.
Parsing included file '/home/holden/systemc_work/lib/UVM_ML-1.13.0/ml/frameworks/uvm/sv/1.1d-ml/src/reg/uvm_reg_backdoor.svh'.
Back to file '/home/holden/systemc_work/lib/UVM_ML-1.13.0/ml/frameworks/uvm/sv/1.1d-ml/src/reg/uvm_reg_model.svh'.
Parsing included file '/home/holden/systemc_work/lib/UVM_ML-1.13.0/ml/frameworks/uvm/sv/1.1d-ml/src/reg/uvm_reg_field.svh'.
Back to file '/home/holden/systemc_work/lib/UVM_ML-1.13.0/ml/frameworks/uvm/sv/1.1d-ml/src/reg/uvm_reg_model.svh'.
Parsing included file '/home/holden/systemc_work/lib/UVM_ML-1.13.0/ml/frameworks/uvm/sv/1.1d-ml/src/reg/uvm_vreg_field.svh'.
Back to file '/home/holden/systemc_work/lib/UVM_ML-1.13.0/ml/frameworks/uvm/sv/1.1d-ml/src/reg/uvm_reg_model.svh'.
Parsing included file '/home/holden/systemc_work/lib/UVM_ML-1.13.0/ml/frameworks/uvm/sv/1.1d-ml/src/reg/uvm_reg.svh'.
Back to file '/home/holden/systemc_work/lib/UVM_ML-1.13.0/ml/frameworks/uvm/sv/1.1d-ml/src/reg/uvm_reg_model.svh'.
Parsing included file '/home/holden/systemc_work/lib/UVM_ML-1.13.0/ml/frameworks/uvm/sv/1.1d-ml/src/reg/uvm_reg_indirect.svh'.
Back to file '/home/holden/systemc_work/lib/UVM_ML-1.13.0/ml/frameworks/uvm/sv/1.1d-ml/src/reg/uvm_reg_model.svh'.
Parsing included file '/home/holden/systemc_work/lib/UVM_ML-1.13.0/ml/frameworks/uvm/sv/1.1d-ml/src/reg/uvm_reg_fifo.svh'.
Back to file '/home/holden/systemc_work/lib/UVM_ML-1.13.0/ml/frameworks/uvm/sv/1.1d-ml/src/reg/uvm_reg_model.svh'.
Parsing included file '/home/holden/systemc_work/lib/UVM_ML-1.13.0/ml/frameworks/uvm/sv/1.1d-ml/src/reg/uvm_reg_file.svh'.
Back to file '/home/holden/systemc_work/lib/UVM_ML-1.13.0/ml/frameworks/uvm/sv/1.1d-ml/src/reg/uvm_reg_model.svh'.
Parsing included file '/home/holden/systemc_work/lib/UVM_ML-1.13.0/ml/frameworks/uvm/sv/1.1d-ml/src/reg/uvm_mem_mam.svh'.
Back to file '/home/holden/systemc_work/lib/UVM_ML-1.13.0/ml/frameworks/uvm/sv/1.1d-ml/src/reg/uvm_reg_model.svh'.
Parsing included file '/home/holden/systemc_work/lib/UVM_ML-1.13.0/ml/frameworks/uvm/sv/1.1d-ml/src/reg/uvm_vreg.svh'.
Back to file '/home/holden/systemc_work/lib/UVM_ML-1.13.0/ml/frameworks/uvm/sv/1.1d-ml/src/reg/uvm_reg_model.svh'.
Parsing included file '/home/holden/systemc_work/lib/UVM_ML-1.13.0/ml/frameworks/uvm/sv/1.1d-ml/src/reg/uvm_mem.svh'.
Back to file '/home/holden/systemc_work/lib/UVM_ML-1.13.0/ml/frameworks/uvm/sv/1.1d-ml/src/reg/uvm_reg_model.svh'.
Parsing included file '/home/holden/systemc_work/lib/UVM_ML-1.13.0/ml/frameworks/uvm/sv/1.1d-ml/src/reg/uvm_reg_map.svh'.
Back to file '/home/holden/systemc_work/lib/UVM_ML-1.13.0/ml/frameworks/uvm/sv/1.1d-ml/src/reg/uvm_reg_model.svh'.
Parsing included file '/home/holden/systemc_work/lib/UVM_ML-1.13.0/ml/frameworks/uvm/sv/1.1d-ml/src/reg/uvm_reg_block.svh'.
Back to file '/home/holden/systemc_work/lib/UVM_ML-1.13.0/ml/frameworks/uvm/sv/1.1d-ml/src/reg/uvm_reg_model.svh'.
Parsing included file '/home/holden/systemc_work/lib/UVM_ML-1.13.0/ml/frameworks/uvm/sv/1.1d-ml/src/reg/sequences/uvm_reg_hw_reset_seq.svh'.
Back to file '/home/holden/systemc_work/lib/UVM_ML-1.13.0/ml/frameworks/uvm/sv/1.1d-ml/src/reg/uvm_reg_model.svh'.
Parsing included file '/home/holden/systemc_work/lib/UVM_ML-1.13.0/ml/frameworks/uvm/sv/1.1d-ml/src/reg/sequences/uvm_reg_bit_bash_seq.svh'.
Back to file '/home/holden/systemc_work/lib/UVM_ML-1.13.0/ml/frameworks/uvm/sv/1.1d-ml/src/reg/uvm_reg_model.svh'.
Parsing included file '/home/holden/systemc_work/lib/UVM_ML-1.13.0/ml/frameworks/uvm/sv/1.1d-ml/src/reg/sequences/uvm_mem_walk_seq.svh'.
Back to file '/home/holden/systemc_work/lib/UVM_ML-1.13.0/ml/frameworks/uvm/sv/1.1d-ml/src/reg/uvm_reg_model.svh'.
Parsing included file '/home/holden/systemc_work/lib/UVM_ML-1.13.0/ml/frameworks/uvm/sv/1.1d-ml/src/reg/sequences/uvm_mem_access_seq.svh'.
Back to file '/home/holden/systemc_work/lib/UVM_ML-1.13.0/ml/frameworks/uvm/sv/1.1d-ml/src/reg/uvm_reg_model.svh'.
Parsing included file '/home/holden/systemc_work/lib/UVM_ML-1.13.0/ml/frameworks/uvm/sv/1.1d-ml/src/reg/sequences/uvm_reg_access_seq.svh'.
Back to file '/home/holden/systemc_work/lib/UVM_ML-1.13.0/ml/frameworks/uvm/sv/1.1d-ml/src/reg/uvm_reg_model.svh'.
Parsing included file '/home/holden/systemc_work/lib/UVM_ML-1.13.0/ml/frameworks/uvm/sv/1.1d-ml/src/reg/sequences/uvm_reg_mem_shared_access_seq.svh'.
Back to file '/home/holden/systemc_work/lib/UVM_ML-1.13.0/ml/frameworks/uvm/sv/1.1d-ml/src/reg/uvm_reg_model.svh'.
Parsing included file '/home/holden/systemc_work/lib/UVM_ML-1.13.0/ml/frameworks/uvm/sv/1.1d-ml/src/reg/sequences/uvm_reg_mem_built_in_seq.svh'.
Back to file '/home/holden/systemc_work/lib/UVM_ML-1.13.0/ml/frameworks/uvm/sv/1.1d-ml/src/reg/uvm_reg_model.svh'.
Parsing included file '/home/holden/systemc_work/lib/UVM_ML-1.13.0/ml/frameworks/uvm/sv/1.1d-ml/src/reg/sequences/uvm_reg_mem_hdl_paths_seq.svh'.
Back to file '/home/holden/systemc_work/lib/UVM_ML-1.13.0/ml/frameworks/uvm/sv/1.1d-ml/src/reg/uvm_reg_model.svh'.
Back to file '/home/holden/systemc_work/lib/UVM_ML-1.13.0/ml/frameworks/uvm/sv/1.1d-ml/src/uvm_pkg.sv'.
Parsing design file '/home/holden/systemc_work/lib/UVM_ML-1.13.0/ml/adapters/uvm_sv/uvm_ml_adapter.sv'
Parsing included file '/home/holden/systemc_work/lib/UVM_ML-1.13.0/ml/frameworks/uvm/sv/1.1d-ml/src/uvm_macros.svh'.
Back to file '/home/holden/systemc_work/lib/UVM_ML-1.13.0/ml/adapters/uvm_sv/uvm_ml_adapter.sv'.
Parsing included file '/home/holden/systemc_work/lib/UVM_ML-1.13.0/ml/adapters/uvm_sv/uvm_ml_adapter_imp.sv'.
Parsing included file '/home/holden/systemc_work/lib/UVM_ML-1.13.0/ml/adapters/uvm_sv/uvm_ml_common.svh'.
Back to file '/home/holden/systemc_work/lib/UVM_ML-1.13.0/ml/adapters/uvm_sv/uvm_ml_adapter_imp.sv'.
Parsing included file '/home/holden/systemc_work/lib/UVM_ML-1.13.0/ml/adapters/uvm_sv/uvm_ml_import_dpi.svh'.
Back to file '/home/holden/systemc_work/lib/UVM_ML-1.13.0/ml/adapters/uvm_sv/uvm_ml_adapter_imp.sv'.
Parsing included file '/home/holden/systemc_work/lib/UVM_ML-1.13.0/ml/adapters/uvm_sv/uvm_ml_serial.svh'.
Back to file '/home/holden/systemc_work/lib/UVM_ML-1.13.0/ml/adapters/uvm_sv/uvm_ml_adapter_imp.sv'.
Parsing included file '/home/holden/systemc_work/lib/UVM_ML-1.13.0/ml/adapters/uvm_sv/uvm_ml_trace_serial.svh'.
Back to file '/home/holden/systemc_work/lib/UVM_ML-1.13.0/ml/adapters/uvm_sv/uvm_ml_adapter_imp.sv'.
Parsing included file '/home/holden/systemc_work/lib/UVM_ML-1.13.0/ml/adapters/uvm_sv/uvm_ml_tlm1.svh'.
Back to file '/home/holden/systemc_work/lib/UVM_ML-1.13.0/ml/adapters/uvm_sv/uvm_ml_adapter_imp.sv'.
Parsing included file '/home/holden/systemc_work/lib/UVM_ML-1.13.0/ml/adapters/uvm_sv/uvm_ml_tlm2.svh'.
Back to file '/home/holden/systemc_work/lib/UVM_ML-1.13.0/ml/adapters/uvm_sv/uvm_ml_adapter_imp.sv'.
Parsing included file '/home/holden/systemc_work/lib/UVM_ML-1.13.0/ml/adapters/uvm_sv/uvm_ml_blocking_helper.svh'.
Back to file '/home/holden/systemc_work/lib/UVM_ML-1.13.0/ml/adapters/uvm_sv/uvm_ml_adapter_imp.sv'.
Parsing included file '/home/holden/systemc_work/lib/UVM_ML-1.13.0/ml/adapters/uvm_sv/uvm_ml_phase_participate_handler.svh'.
Back to file '/home/holden/systemc_work/lib/UVM_ML-1.13.0/ml/adapters/uvm_sv/uvm_ml_adapter_imp.sv'.
Parsing included file '/home/holden/systemc_work/lib/UVM_ML-1.13.0/ml/adapters/uvm_sv/uvm_ml_phase.svh'.
Back to file '/home/holden/systemc_work/lib/UVM_ML-1.13.0/ml/adapters/uvm_sv/uvm_ml_adapter_imp.sv'.
Parsing included file '/home/holden/systemc_work/lib/UVM_ML-1.13.0/ml/adapters/uvm_sv/uvm_ml_phase_service.svh'.
Back to file '/home/holden/systemc_work/lib/UVM_ML-1.13.0/ml/adapters/uvm_sv/uvm_ml_adapter_imp.sv'.
Parsing included file '/home/holden/systemc_work/lib/UVM_ML-1.13.0/ml/adapters/uvm_sv/uvm_ml_hierarchy.svh'.
Back to file '/home/holden/systemc_work/lib/UVM_ML-1.13.0/ml/adapters/uvm_sv/uvm_ml_adapter_imp.sv'.
Parsing included file '/home/holden/systemc_work/lib/UVM_ML-1.13.0/ml/adapters/uvm_sv/uvm_ml_resource.svh'.
Back to file '/home/holden/systemc_work/lib/UVM_ML-1.13.0/ml/adapters/uvm_sv/uvm_ml_adapter_imp.sv'.
Parsing included file '/home/holden/systemc_work/lib/UVM_ML-1.13.0/ml/adapters/uvm_sv/uvm_ml_event.svh'.
Back to file '/home/holden/systemc_work/lib/UVM_ML-1.13.0/ml/adapters/uvm_sv/uvm_ml_adapter_imp.sv'.
Parsing included file '/home/holden/systemc_work/lib/UVM_ML-1.13.0/ml/adapters/uvm_sv/uvm_ml_barrier.svh'.
Back to file '/home/holden/systemc_work/lib/UVM_ML-1.13.0/ml/adapters/uvm_sv/uvm_ml_adapter_imp.sv'.
Parsing included file '/home/holden/systemc_work/lib/UVM_ML-1.13.0/ml/adapters/uvm_sv/uvm_ml_export_dpi.svh'.
Back to file '/home/holden/systemc_work/lib/UVM_ML-1.13.0/ml/adapters/uvm_sv/uvm_ml_adapter_imp.sv'.
Back to file '/home/holden/systemc_work/lib/UVM_ML-1.13.0/ml/adapters/uvm_sv/uvm_ml_adapter.sv'.
Parsing design file '../tb/VIP_RGB888_YCbCr444.v'
Parsing design file '../tb/top_tb.sv'
Parsing included file '/home/holden/systemc_work/lib/UVM_ML-1.13.0/ml/frameworks/uvm/sv/1.1d-ml/src/uvm_macros.svh'.
Back to file '../tb/top_tb.sv'.
Parsing included file '../tb/my_if.sv'.
Back to file '../tb/top_tb.sv'.
Parsing included file '../tb/my_transaction.sv'.
Back to file '../tb/top_tb.sv'.
Parsing included file '../tb/my_sequencer.sv'.
Back to file '../tb/top_tb.sv'.
Parsing included file '../tb/my_driver.sv'.
Back to file '../tb/top_tb.sv'.
Parsing included file '../tb/my_monitor.sv'.
Back to file '../tb/top_tb.sv'.
Parsing included file '../tb/my_agent.sv'.
Back to file '../tb/top_tb.sv'.
Parsing included file '../tb/my_model.sv'.
Back to file '../tb/top_tb.sv'.
Parsing included file '../tb/my_scoreboard.sv'.
Back to file '../tb/top_tb.sv'.
Parsing included file '../tb/my_env.sv'.
Back to file '../tb/top_tb.sv'.
Parsing included file '../tb/base_test.sv'.
Back to file '../tb/top_tb.sv'.
Parsing included file '../tb/my_case0.sv'.
Back to file '../tb/top_tb.sv'.
Top Level Modules:
       top_tb
TimeScale is 1 ns / 1 ps

Warning-[MDVMO] Multiple default values in method override
/home/holden/systemc_work/lib/UVM_ML-1.13.0/ml/adapters/uvm_sv/uvm_ml_barrier.svh, 59
uvm_ml_adapter_imp, "uvm_ml_barrier::reset"
  The class method argument 'wakeup' has different default values specified at
  the base 
  ("/home/holden/systemc_work/lib/UVM_ML-1.13.0/ml/frameworks/uvm/sv/1.1d-ml/src/base/uvm_barrier.svh",
  94) and the current definition.
  VCS resolves default arguments of functions at compile time so the current 
  one will be used regardless of virtual override.

Starting vcs inline pass...

8 modules and 0 UDP read.
recompiling package vcs_paramclassrepository
recompiling package _vcs_DPI_package
recompiling package uvm_pkg
recompiling package uvm_ml_adapter_imp
recompiling package uvm_ml
recompiling module VIP_RGB888_YCbCr444
recompiling module my_if
recompiling module top_tb
All of 8 modules done
make[1]: Entering directory `/home/holden/systemc_work/uvm_matlab/uvm_ml/sim/csrc' \

rm -f _cuarc*.so _csrc*.so pre_vcsobj_*.so share_vcsobj_*.so
g++ -w  -pipe -fPIC -DVCS -m64 -O -I/home/holden/Tool/synopsys/vcs/vcs/U-2023.03-SP1/include \
-c /home/holden/systemc_work/lib/UVM_ML-1.13.0/ml/frameworks/uvm/sv/1.1d-ml/src/dpi/uvm_dpi.cc \

gcc  -w  -pipe -fPIC -DVCS -m64 -O -I/home/holden/Tool/synopsys/vcs/vcs/U-2023.03-SP1/include \
-fPIC -c -o uM9F1_0x2aB.o uM9F1_0x2aB.c
if [ -x ../simv ]; then chmod a-x ../simv; fi
g++  -o ../simv      -rdynamic  -Wl,-rpath='$ORIGIN'/simv.daidir -Wl,-rpath=./simv.daidir \
-Wl,-rpath=/home/holden/Tool/synopsys/vcs/vcs/U-2023.03-SP1/linux64/lib -L/home/holden/Tool/synopsys/vcs/vcs/U-2023.03-SP1/linux64/lib \
-Wl,-rpath-link=./  /usr/lib64/libnuma.so.1 uvm_dpi.o   objs/amcQw_d.o   _8309_archive_1.so \
SIM_l.o    uM9F1_0x2aB.o   rmapats_mop.o rmapats.o rmar.o rmar_nd.o  rmar_llvm_0_1.o \
rmar_llvm_0_0.o            -lvirsim -lerrorinf -lsnpsmalloc -lvfs    -lvcsnew -lsimprofile \
-luclinative /home/holden/Tool/synopsys/vcs/vcs/U-2023.03-SP1/linux64/lib/vcs_tls.o \
-Wl,-whole-archive  -lvcsucli    -Wl,-no-whole-archive       ./../simv.daidir/vc_hdrs.o \
_vcs_pli_stub_.o   /home/holden/Tool/synopsys/vcs/vcs/U-2023.03-SP1/linux64/lib/vcs_save_restore_new.o \
/home/holden/Tool/synopsys/verdi/verdi/U-2023.03-SP1/share/PLI/VCS/LINUX64/pli.a \
-ldl  -lc -lm -lpthread -ldl 
../simv up to date
make[1]: Leaving directory `/home/holden/systemc_work/uvm_matlab/uvm_ml/sim/csrc' \

CPU time: 38.776 seconds to compile + 1.349 seconds to elab + 4.121 seconds to link
Verdi KDB elaboration done and the database successfully generated: 0 error(s), 0 warning(s)
