Command: vcs -kdb -lca -full64 -sverilog -debug_access+all -ntb_opts uvm +incdir+../rtl/ \
input_if.sv output_if.sv ../rtl/adder.sv ./my_pkg.sv top.sv ./test.so +UVM_TESTNAME=simple_test \
-l vcs.log -R
                         Chronologic VCS (TM)
       Version U-2023.03-SP1_Full64 -- Tue May 21 22:21:11 2024

                    Copyright (c) 1991 - 2023 Synopsys, Inc.
   This software and the associated documentation are proprietary to Synopsys,
 Inc. This software may only be used in accordance with the terms and conditions
 of a written license agreement with Synopsys, Inc. All other use, reproduction,
   or distribution of this software is strictly prohibited.  Licensed Products
     communicate with Synopsys servers for the purpose of providing software
    updates, detecting software piracy and verifying that customers are using
    Licensed Products in conformity with the applicable License Key for such
  Licensed Products. Synopsys will use information gathered in connection with
    this process to deliver software updates and pursue software pirates and
                                   infringers.

 Inclusivity & Diversity - Visit SolvNetPlus to read the "Synopsys Statement on
            Inclusivity and Diversity" (Refer to article 000036315 at
                        https://solvnetplus.synopsys.com)


Warning-[LCA_FEATURES_ENABLED] Usage warning
  LCA features enabled by '-lca' argument on the command line.  For more 
  information regarding list of LCA features please refer to Chapter "LCA 
  features" in the VCS Release Notes

Parsing design file '/home/holden/Tool/synopsys/vcs/vcs/U-2023.03-SP1/etc/uvm/uvm_pkg.sv'
Parsing included file '/home/holden/Tool/synopsys/vcs/vcs/U-2023.03-SP1/etc/uvm/uvm_macros.svh'.
Parsing included file '/home/holden/Tool/synopsys/vcs/vcs/U-2023.03-SP1/etc/uvm/macros/uvm_version_defines.svh'.
Back to file '/home/holden/Tool/synopsys/vcs/vcs/U-2023.03-SP1/etc/uvm/uvm_macros.svh'.
Parsing included file '/home/holden/Tool/synopsys/vcs/vcs/U-2023.03-SP1/etc/uvm/macros/snps_macros.svp'.
Back to file '/home/holden/Tool/synopsys/vcs/vcs/U-2023.03-SP1/etc/uvm/uvm_macros.svh'.
Parsing included file '/home/holden/Tool/synopsys/vcs/vcs/U-2023.03-SP1/etc/uvm/macros/uvm_message_defines.svh'.
Back to file '/home/holden/Tool/synopsys/vcs/vcs/U-2023.03-SP1/etc/uvm/uvm_macros.svh'.
Parsing included file '/home/holden/Tool/synopsys/vcs/vcs/U-2023.03-SP1/etc/uvm/macros/uvm_phase_defines.svh'.
Back to file '/home/holden/Tool/synopsys/vcs/vcs/U-2023.03-SP1/etc/uvm/uvm_macros.svh'.
Parsing included file '/home/holden/Tool/synopsys/vcs/vcs/U-2023.03-SP1/etc/uvm/macros/uvm_object_defines.svh'.
Back to file '/home/holden/Tool/synopsys/vcs/vcs/U-2023.03-SP1/etc/uvm/uvm_macros.svh'.
Parsing included file '/home/holden/Tool/synopsys/vcs/vcs/U-2023.03-SP1/etc/uvm/macros/uvm_printer_defines.svh'.
Back to file '/home/holden/Tool/synopsys/vcs/vcs/U-2023.03-SP1/etc/uvm/uvm_macros.svh'.
Parsing included file '/home/holden/Tool/synopsys/vcs/vcs/U-2023.03-SP1/etc/uvm/macros/uvm_tlm_defines.svh'.
Parsing included file '/home/holden/Tool/synopsys/vcs/vcs/U-2023.03-SP1/etc/uvm/tlm1/uvm_tlm_imps.svh'.
Back to file '/home/holden/Tool/synopsys/vcs/vcs/U-2023.03-SP1/etc/uvm/macros/uvm_tlm_defines.svh'.
Back to file '/home/holden/Tool/synopsys/vcs/vcs/U-2023.03-SP1/etc/uvm/uvm_macros.svh'.
Parsing included file '/home/holden/Tool/synopsys/vcs/vcs/U-2023.03-SP1/etc/uvm/macros/uvm_sequence_defines.svh'.
Back to file '/home/holden/Tool/synopsys/vcs/vcs/U-2023.03-SP1/etc/uvm/uvm_macros.svh'.
Parsing included file '/home/holden/Tool/synopsys/vcs/vcs/U-2023.03-SP1/etc/uvm/macros/uvm_callback_defines.svh'.
Back to file '/home/holden/Tool/synopsys/vcs/vcs/U-2023.03-SP1/etc/uvm/uvm_macros.svh'.
Parsing included file '/home/holden/Tool/synopsys/vcs/vcs/U-2023.03-SP1/etc/uvm/macros/uvm_reg_defines.svh'.
Back to file '/home/holden/Tool/synopsys/vcs/vcs/U-2023.03-SP1/etc/uvm/uvm_macros.svh'.
Parsing included file '/home/holden/Tool/synopsys/vcs/vcs/U-2023.03-SP1/etc/uvm/macros/uvm_deprecated_defines.svh'.
Back to file '/home/holden/Tool/synopsys/vcs/vcs/U-2023.03-SP1/etc/uvm/uvm_macros.svh'.
Back to file '/home/holden/Tool/synopsys/vcs/vcs/U-2023.03-SP1/etc/uvm/uvm_pkg.sv'.
Parsing included file '/home/holden/Tool/synopsys/vcs/vcs/U-2023.03-SP1/etc/uvm/directc/uvm_directc.svh'.
Parsing included file '/home/holden/Tool/synopsys/vcs/vcs/U-2023.03-SP1/etc/uvm/directc/uvm_seed.vh'.
Back to file '/home/holden/Tool/synopsys/vcs/vcs/U-2023.03-SP1/etc/uvm/directc/uvm_directc.svh'.
Back to file '/home/holden/Tool/synopsys/vcs/vcs/U-2023.03-SP1/etc/uvm/uvm_pkg.sv'.
Parsing included file '/home/holden/Tool/synopsys/vcs/vcs/U-2023.03-SP1/etc/uvm/dpi/uvm_dpi.svh'.
Parsing included file '/home/holden/Tool/synopsys/vcs/vcs/U-2023.03-SP1/etc/uvm/dpi/uvm_hdl.svh'.
Back to file '/home/holden/Tool/synopsys/vcs/vcs/U-2023.03-SP1/etc/uvm/dpi/uvm_dpi.svh'.
Parsing included file '/home/holden/Tool/synopsys/vcs/vcs/U-2023.03-SP1/etc/uvm/dpi/uvm_svcmd_dpi.svh'.
Back to file '/home/holden/Tool/synopsys/vcs/vcs/U-2023.03-SP1/etc/uvm/dpi/uvm_dpi.svh'.
Parsing included file '/home/holden/Tool/synopsys/vcs/vcs/U-2023.03-SP1/etc/uvm/dpi/uvm_regex.svh'.
Back to file '/home/holden/Tool/synopsys/vcs/vcs/U-2023.03-SP1/etc/uvm/dpi/uvm_dpi.svh'.
Back to file '/home/holden/Tool/synopsys/vcs/vcs/U-2023.03-SP1/etc/uvm/uvm_pkg.sv'.
Parsing included file '/home/holden/Tool/synopsys/vcs/vcs/U-2023.03-SP1/etc/uvm/base/uvm_base.svh'.
Parsing included file '/home/holden/Tool/synopsys/vcs/vcs/U-2023.03-SP1/etc/uvm/base/uvm_version.svh'.
Back to file '/home/holden/Tool/synopsys/vcs/vcs/U-2023.03-SP1/etc/uvm/base/uvm_base.svh'.
Parsing included file '/home/holden/Tool/synopsys/vcs/vcs/U-2023.03-SP1/etc/uvm/base/uvm_object_globals.svh'.
Back to file '/home/holden/Tool/synopsys/vcs/vcs/U-2023.03-SP1/etc/uvm/base/uvm_base.svh'.
Parsing included file '/home/holden/Tool/synopsys/vcs/vcs/U-2023.03-SP1/etc/uvm/base/uvm_misc.svh'.
Back to file '/home/holden/Tool/synopsys/vcs/vcs/U-2023.03-SP1/etc/uvm/base/uvm_base.svh'.
Parsing included file '/home/holden/Tool/synopsys/vcs/vcs/U-2023.03-SP1/etc/uvm/base/uvm_object.svh'.
Back to file '/home/holden/Tool/synopsys/vcs/vcs/U-2023.03-SP1/etc/uvm/base/uvm_base.svh'.
Parsing included file '/home/holden/Tool/synopsys/vcs/vcs/U-2023.03-SP1/etc/uvm/base/uvm_pool.svh'.
Back to file '/home/holden/Tool/synopsys/vcs/vcs/U-2023.03-SP1/etc/uvm/base/uvm_base.svh'.
Parsing included file '/home/holden/Tool/synopsys/vcs/vcs/U-2023.03-SP1/etc/uvm/base/uvm_queue.svh'.
Back to file '/home/holden/Tool/synopsys/vcs/vcs/U-2023.03-SP1/etc/uvm/base/uvm_base.svh'.
Parsing included file '/home/holden/Tool/synopsys/vcs/vcs/U-2023.03-SP1/etc/uvm/base/uvm_factory.svh'.
Back to file '/home/holden/Tool/synopsys/vcs/vcs/U-2023.03-SP1/etc/uvm/base/uvm_base.svh'.
Parsing included file '/home/holden/Tool/synopsys/vcs/vcs/U-2023.03-SP1/etc/uvm/base/uvm_registry.svh'.
Back to file '/home/holden/Tool/synopsys/vcs/vcs/U-2023.03-SP1/etc/uvm/base/uvm_base.svh'.
Parsing included file '/home/holden/Tool/synopsys/vcs/vcs/U-2023.03-SP1/etc/uvm/base/uvm_spell_chkr.svh'.
Back to file '/home/holden/Tool/synopsys/vcs/vcs/U-2023.03-SP1/etc/uvm/base/uvm_base.svh'.
Parsing included file '/home/holden/Tool/synopsys/vcs/vcs/U-2023.03-SP1/etc/uvm/base/uvm_resource.svh'.
Back to file '/home/holden/Tool/synopsys/vcs/vcs/U-2023.03-SP1/etc/uvm/base/uvm_base.svh'.
Parsing included file '/home/holden/Tool/synopsys/vcs/vcs/U-2023.03-SP1/etc/uvm/deprecated/uvm_resource_converter.svh'.
Back to file '/home/holden/Tool/synopsys/vcs/vcs/U-2023.03-SP1/etc/uvm/base/uvm_base.svh'.
Parsing included file '/home/holden/Tool/synopsys/vcs/vcs/U-2023.03-SP1/etc/uvm/base/uvm_resource_specializations.svh'.
Back to file '/home/holden/Tool/synopsys/vcs/vcs/U-2023.03-SP1/etc/uvm/base/uvm_base.svh'.
Parsing included file '/home/holden/Tool/synopsys/vcs/vcs/U-2023.03-SP1/etc/uvm/base/uvm_resource_db.svh'.
Back to file '/home/holden/Tool/synopsys/vcs/vcs/U-2023.03-SP1/etc/uvm/base/uvm_base.svh'.
Parsing included file '/home/holden/Tool/synopsys/vcs/vcs/U-2023.03-SP1/etc/uvm/base/uvm_config_db.svh'.
Back to file '/home/holden/Tool/synopsys/vcs/vcs/U-2023.03-SP1/etc/uvm/base/uvm_base.svh'.
Parsing included file '/home/holden/Tool/synopsys/vcs/vcs/U-2023.03-SP1/etc/uvm/base/uvm_printer.svh'.
Back to file '/home/holden/Tool/synopsys/vcs/vcs/U-2023.03-SP1/etc/uvm/base/uvm_base.svh'.
Parsing included file '/home/holden/Tool/synopsys/vcs/vcs/U-2023.03-SP1/etc/uvm/base/uvm_comparer.svh'.
Back to file '/home/holden/Tool/synopsys/vcs/vcs/U-2023.03-SP1/etc/uvm/base/uvm_base.svh'.
Parsing included file '/home/holden/Tool/synopsys/vcs/vcs/U-2023.03-SP1/etc/uvm/base/uvm_packer.svh'.
Back to file '/home/holden/Tool/synopsys/vcs/vcs/U-2023.03-SP1/etc/uvm/base/uvm_base.svh'.
Parsing included file '/home/holden/Tool/synopsys/vcs/vcs/U-2023.03-SP1/etc/uvm/base/uvm_recorder.svh'.
Back to file '/home/holden/Tool/synopsys/vcs/vcs/U-2023.03-SP1/etc/uvm/base/uvm_base.svh'.
Parsing included file '/home/holden/Tool/synopsys/vcs/vcs/U-2023.03-SP1/etc/uvm/base/uvm_event_callback.svh'.
Back to file '/home/holden/Tool/synopsys/vcs/vcs/U-2023.03-SP1/etc/uvm/base/uvm_base.svh'.
Parsing included file '/home/holden/Tool/synopsys/vcs/vcs/U-2023.03-SP1/etc/uvm/base/uvm_event.svh'.
Back to file '/home/holden/Tool/synopsys/vcs/vcs/U-2023.03-SP1/etc/uvm/base/uvm_base.svh'.
Parsing included file '/home/holden/Tool/synopsys/vcs/vcs/U-2023.03-SP1/etc/uvm/base/uvm_barrier.svh'.
Back to file '/home/holden/Tool/synopsys/vcs/vcs/U-2023.03-SP1/etc/uvm/base/uvm_base.svh'.
Parsing included file '/home/holden/Tool/synopsys/vcs/vcs/U-2023.03-SP1/etc/uvm/base/uvm_callback.svh'.
Parsing included file '/home/holden/Tool/synopsys/vcs/vcs/U-2023.03-SP1/etc/uvm/uvm_macros.svh'.
Back to file '/home/holden/Tool/synopsys/vcs/vcs/U-2023.03-SP1/etc/uvm/base/uvm_callback.svh'.
Back to file '/home/holden/Tool/synopsys/vcs/vcs/U-2023.03-SP1/etc/uvm/base/uvm_base.svh'.
Parsing included file '/home/holden/Tool/synopsys/vcs/vcs/U-2023.03-SP1/etc/uvm/base/uvm_report_catcher.svh'.
Back to file '/home/holden/Tool/synopsys/vcs/vcs/U-2023.03-SP1/etc/uvm/base/uvm_base.svh'.
Parsing included file '/home/holden/Tool/synopsys/vcs/vcs/U-2023.03-SP1/etc/uvm/base/uvm_report_server.svh'.
Back to file '/home/holden/Tool/synopsys/vcs/vcs/U-2023.03-SP1/etc/uvm/base/uvm_base.svh'.
Parsing included file '/home/holden/Tool/synopsys/vcs/vcs/U-2023.03-SP1/etc/uvm/base/uvm_report_handler.svh'.
Back to file '/home/holden/Tool/synopsys/vcs/vcs/U-2023.03-SP1/etc/uvm/base/uvm_base.svh'.
Parsing included file '/home/holden/Tool/synopsys/vcs/vcs/U-2023.03-SP1/etc/uvm/base/uvm_report_object.svh'.
Back to file '/home/holden/Tool/synopsys/vcs/vcs/U-2023.03-SP1/etc/uvm/base/uvm_base.svh'.
Parsing included file '/home/holden/Tool/synopsys/vcs/vcs/U-2023.03-SP1/etc/uvm/base/uvm_transaction.svh'.
Back to file '/home/holden/Tool/synopsys/vcs/vcs/U-2023.03-SP1/etc/uvm/base/uvm_base.svh'.
Parsing included file '/home/holden/Tool/synopsys/vcs/vcs/U-2023.03-SP1/etc/uvm/base/uvm_phase.svh'.
Back to file '/home/holden/Tool/synopsys/vcs/vcs/U-2023.03-SP1/etc/uvm/base/uvm_base.svh'.
Parsing included file '/home/holden/Tool/synopsys/vcs/vcs/U-2023.03-SP1/etc/uvm/base/uvm_domain.svh'.
Back to file '/home/holden/Tool/synopsys/vcs/vcs/U-2023.03-SP1/etc/uvm/base/uvm_base.svh'.
Parsing included file '/home/holden/Tool/synopsys/vcs/vcs/U-2023.03-SP1/etc/uvm/base/uvm_bottomup_phase.svh'.
Back to file '/home/holden/Tool/synopsys/vcs/vcs/U-2023.03-SP1/etc/uvm/base/uvm_base.svh'.
Parsing included file '/home/holden/Tool/synopsys/vcs/vcs/U-2023.03-SP1/etc/uvm/base/uvm_topdown_phase.svh'.
Back to file '/home/holden/Tool/synopsys/vcs/vcs/U-2023.03-SP1/etc/uvm/base/uvm_base.svh'.
Parsing included file '/home/holden/Tool/synopsys/vcs/vcs/U-2023.03-SP1/etc/uvm/base/uvm_task_phase.svh'.
Back to file '/home/holden/Tool/synopsys/vcs/vcs/U-2023.03-SP1/etc/uvm/base/uvm_base.svh'.
Parsing included file '/home/holden/Tool/synopsys/vcs/vcs/U-2023.03-SP1/etc/uvm/base/uvm_common_phases.svh'.
Back to file '/home/holden/Tool/synopsys/vcs/vcs/U-2023.03-SP1/etc/uvm/base/uvm_base.svh'.
Parsing included file '/home/holden/Tool/synopsys/vcs/vcs/U-2023.03-SP1/etc/uvm/base/uvm_runtime_phases.svh'.
Back to file '/home/holden/Tool/synopsys/vcs/vcs/U-2023.03-SP1/etc/uvm/base/uvm_base.svh'.
Parsing included file '/home/holden/Tool/synopsys/vcs/vcs/U-2023.03-SP1/etc/uvm/base/uvm_component.svh'.
Parsing included file '/home/holden/Tool/synopsys/vcs/vcs/U-2023.03-SP1/etc/uvm/base/uvm_root.svh'.
Back to file '/home/holden/Tool/synopsys/vcs/vcs/U-2023.03-SP1/etc/uvm/base/uvm_component.svh'.
Back to file '/home/holden/Tool/synopsys/vcs/vcs/U-2023.03-SP1/etc/uvm/base/uvm_base.svh'.
Parsing included file '/home/holden/Tool/synopsys/vcs/vcs/U-2023.03-SP1/etc/uvm/base/uvm_objection.svh'.
Back to file '/home/holden/Tool/synopsys/vcs/vcs/U-2023.03-SP1/etc/uvm/base/uvm_base.svh'.
Parsing included file '/home/holden/Tool/synopsys/vcs/vcs/U-2023.03-SP1/etc/uvm/base/uvm_heartbeat.svh'.
Back to file '/home/holden/Tool/synopsys/vcs/vcs/U-2023.03-SP1/etc/uvm/base/uvm_base.svh'.
Parsing included file '/home/holden/Tool/synopsys/vcs/vcs/U-2023.03-SP1/etc/uvm/base/uvm_globals.svh'.
Back to file '/home/holden/Tool/synopsys/vcs/vcs/U-2023.03-SP1/etc/uvm/base/uvm_base.svh'.
Parsing included file '/home/holden/Tool/synopsys/vcs/vcs/U-2023.03-SP1/etc/uvm/base/uvm_cmdline_processor.svh'.
Back to file '/home/holden/Tool/synopsys/vcs/vcs/U-2023.03-SP1/etc/uvm/base/uvm_base.svh'.
Back to file '/home/holden/Tool/synopsys/vcs/vcs/U-2023.03-SP1/etc/uvm/uvm_pkg.sv'.
Parsing included file '/home/holden/Tool/synopsys/vcs/vcs/U-2023.03-SP1/etc/uvm/tlm1/uvm_tlm.svh'.
Parsing included file '/home/holden/Tool/synopsys/vcs/vcs/U-2023.03-SP1/etc/uvm/tlm1/uvm_tlm_ifs.svh'.
Back to file '/home/holden/Tool/synopsys/vcs/vcs/U-2023.03-SP1/etc/uvm/tlm1/uvm_tlm.svh'.
Parsing included file '/home/holden/Tool/synopsys/vcs/vcs/U-2023.03-SP1/etc/uvm/tlm1/uvm_sqr_ifs.svh'.
Back to file '/home/holden/Tool/synopsys/vcs/vcs/U-2023.03-SP1/etc/uvm/tlm1/uvm_tlm.svh'.
Parsing included file '/home/holden/Tool/synopsys/vcs/vcs/U-2023.03-SP1/etc/uvm/base/uvm_port_base.svh'.
Back to file '/home/holden/Tool/synopsys/vcs/vcs/U-2023.03-SP1/etc/uvm/tlm1/uvm_tlm.svh'.
Parsing included file '/home/holden/Tool/synopsys/vcs/vcs/U-2023.03-SP1/etc/uvm/tlm1/uvm_tlm_imps.svh'.
Back to file '/home/holden/Tool/synopsys/vcs/vcs/U-2023.03-SP1/etc/uvm/tlm1/uvm_tlm.svh'.
Parsing included file '/home/holden/Tool/synopsys/vcs/vcs/U-2023.03-SP1/etc/uvm/tlm1/uvm_imps.svh'.
Back to file '/home/holden/Tool/synopsys/vcs/vcs/U-2023.03-SP1/etc/uvm/tlm1/uvm_tlm.svh'.
Parsing included file '/home/holden/Tool/synopsys/vcs/vcs/U-2023.03-SP1/etc/uvm/tlm1/uvm_ports.svh'.
Back to file '/home/holden/Tool/synopsys/vcs/vcs/U-2023.03-SP1/etc/uvm/tlm1/uvm_tlm.svh'.
Parsing included file '/home/holden/Tool/synopsys/vcs/vcs/U-2023.03-SP1/etc/uvm/tlm1/uvm_exports.svh'.
Back to file '/home/holden/Tool/synopsys/vcs/vcs/U-2023.03-SP1/etc/uvm/tlm1/uvm_tlm.svh'.
Parsing included file '/home/holden/Tool/synopsys/vcs/vcs/U-2023.03-SP1/etc/uvm/tlm1/uvm_analysis_port.svh'.
Back to file '/home/holden/Tool/synopsys/vcs/vcs/U-2023.03-SP1/etc/uvm/tlm1/uvm_tlm.svh'.
Parsing included file '/home/holden/Tool/synopsys/vcs/vcs/U-2023.03-SP1/etc/uvm/tlm1/uvm_tlm_fifo_base.svh'.
Back to file '/home/holden/Tool/synopsys/vcs/vcs/U-2023.03-SP1/etc/uvm/tlm1/uvm_tlm.svh'.
Parsing included file '/home/holden/Tool/synopsys/vcs/vcs/U-2023.03-SP1/etc/uvm/tlm1/uvm_tlm_fifos.svh'.
Back to file '/home/holden/Tool/synopsys/vcs/vcs/U-2023.03-SP1/etc/uvm/tlm1/uvm_tlm.svh'.
Parsing included file '/home/holden/Tool/synopsys/vcs/vcs/U-2023.03-SP1/etc/uvm/tlm1/uvm_tlm_req_rsp.svh'.
Back to file '/home/holden/Tool/synopsys/vcs/vcs/U-2023.03-SP1/etc/uvm/tlm1/uvm_tlm.svh'.
Parsing included file '/home/holden/Tool/synopsys/vcs/vcs/U-2023.03-SP1/etc/uvm/tlm1/uvm_sqr_connections.svh'.
Back to file '/home/holden/Tool/synopsys/vcs/vcs/U-2023.03-SP1/etc/uvm/tlm1/uvm_tlm.svh'.
Back to file '/home/holden/Tool/synopsys/vcs/vcs/U-2023.03-SP1/etc/uvm/uvm_pkg.sv'.
Parsing included file '/home/holden/Tool/synopsys/vcs/vcs/U-2023.03-SP1/etc/uvm/comps/uvm_comps.svh'.
Parsing included file '/home/holden/Tool/synopsys/vcs/vcs/U-2023.03-SP1/etc/uvm/comps/uvm_pair.svh'.
Back to file '/home/holden/Tool/synopsys/vcs/vcs/U-2023.03-SP1/etc/uvm/comps/uvm_comps.svh'.
Parsing included file '/home/holden/Tool/synopsys/vcs/vcs/U-2023.03-SP1/etc/uvm/comps/uvm_policies.svh'.
Back to file '/home/holden/Tool/synopsys/vcs/vcs/U-2023.03-SP1/etc/uvm/comps/uvm_comps.svh'.
Parsing included file '/home/holden/Tool/synopsys/vcs/vcs/U-2023.03-SP1/etc/uvm/comps/uvm_in_order_comparator.svh'.
Back to file '/home/holden/Tool/synopsys/vcs/vcs/U-2023.03-SP1/etc/uvm/comps/uvm_comps.svh'.
Parsing included file '/home/holden/Tool/synopsys/vcs/vcs/U-2023.03-SP1/etc/uvm/comps/uvm_algorithmic_comparator.svh'.
Back to file '/home/holden/Tool/synopsys/vcs/vcs/U-2023.03-SP1/etc/uvm/comps/uvm_comps.svh'.
Parsing included file '/home/holden/Tool/synopsys/vcs/vcs/U-2023.03-SP1/etc/uvm/comps/uvm_random_stimulus.svh'.
Back to file '/home/holden/Tool/synopsys/vcs/vcs/U-2023.03-SP1/etc/uvm/comps/uvm_comps.svh'.
Parsing included file '/home/holden/Tool/synopsys/vcs/vcs/U-2023.03-SP1/etc/uvm/comps/uvm_subscriber.svh'.
Back to file '/home/holden/Tool/synopsys/vcs/vcs/U-2023.03-SP1/etc/uvm/comps/uvm_comps.svh'.
Parsing included file '/home/holden/Tool/synopsys/vcs/vcs/U-2023.03-SP1/etc/uvm/comps/uvm_monitor.svh'.
Back to file '/home/holden/Tool/synopsys/vcs/vcs/U-2023.03-SP1/etc/uvm/comps/uvm_comps.svh'.
Parsing included file '/home/holden/Tool/synopsys/vcs/vcs/U-2023.03-SP1/etc/uvm/comps/uvm_driver.svh'.
Back to file '/home/holden/Tool/synopsys/vcs/vcs/U-2023.03-SP1/etc/uvm/comps/uvm_comps.svh'.
Parsing included file '/home/holden/Tool/synopsys/vcs/vcs/U-2023.03-SP1/etc/uvm/comps/uvm_push_driver.svh'.
Back to file '/home/holden/Tool/synopsys/vcs/vcs/U-2023.03-SP1/etc/uvm/comps/uvm_comps.svh'.
Parsing included file '/home/holden/Tool/synopsys/vcs/vcs/U-2023.03-SP1/etc/uvm/comps/uvm_scoreboard.svh'.
Back to file '/home/holden/Tool/synopsys/vcs/vcs/U-2023.03-SP1/etc/uvm/comps/uvm_comps.svh'.
Parsing included file '/home/holden/Tool/synopsys/vcs/vcs/U-2023.03-SP1/etc/uvm/comps/uvm_agent.svh'.
Back to file '/home/holden/Tool/synopsys/vcs/vcs/U-2023.03-SP1/etc/uvm/comps/uvm_comps.svh'.
Parsing included file '/home/holden/Tool/synopsys/vcs/vcs/U-2023.03-SP1/etc/uvm/comps/uvm_env.svh'.
Back to file '/home/holden/Tool/synopsys/vcs/vcs/U-2023.03-SP1/etc/uvm/comps/uvm_comps.svh'.
Parsing included file '/home/holden/Tool/synopsys/vcs/vcs/U-2023.03-SP1/etc/uvm/comps/uvm_test.svh'.
Back to file '/home/holden/Tool/synopsys/vcs/vcs/U-2023.03-SP1/etc/uvm/comps/uvm_comps.svh'.
Back to file '/home/holden/Tool/synopsys/vcs/vcs/U-2023.03-SP1/etc/uvm/uvm_pkg.sv'.
Parsing included file '/home/holden/Tool/synopsys/vcs/vcs/U-2023.03-SP1/etc/uvm/seq/uvm_seq.svh'.
Parsing included file '/home/holden/Tool/synopsys/vcs/vcs/U-2023.03-SP1/etc/uvm/seq/uvm_sequence_item.svh'.
Back to file '/home/holden/Tool/synopsys/vcs/vcs/U-2023.03-SP1/etc/uvm/seq/uvm_seq.svh'.
Parsing included file '/home/holden/Tool/synopsys/vcs/vcs/U-2023.03-SP1/etc/uvm/seq/uvm_sequencer_base.svh'.
Back to file '/home/holden/Tool/synopsys/vcs/vcs/U-2023.03-SP1/etc/uvm/seq/uvm_seq.svh'.
Parsing included file '/home/holden/Tool/synopsys/vcs/vcs/U-2023.03-SP1/etc/uvm/seq/uvm_sequencer_analysis_fifo.svh'.
Back to file '/home/holden/Tool/synopsys/vcs/vcs/U-2023.03-SP1/etc/uvm/seq/uvm_seq.svh'.
Parsing included file '/home/holden/Tool/synopsys/vcs/vcs/U-2023.03-SP1/etc/uvm/seq/uvm_sequencer_param_base.svh'.
Back to file '/home/holden/Tool/synopsys/vcs/vcs/U-2023.03-SP1/etc/uvm/seq/uvm_seq.svh'.
Parsing included file '/home/holden/Tool/synopsys/vcs/vcs/U-2023.03-SP1/etc/uvm/seq/uvm_sequencer.svh'.
Back to file '/home/holden/Tool/synopsys/vcs/vcs/U-2023.03-SP1/etc/uvm/seq/uvm_seq.svh'.
Parsing included file '/home/holden/Tool/synopsys/vcs/vcs/U-2023.03-SP1/etc/uvm/seq/uvm_push_sequencer.svh'.
Back to file '/home/holden/Tool/synopsys/vcs/vcs/U-2023.03-SP1/etc/uvm/seq/uvm_seq.svh'.
Parsing included file '/home/holden/Tool/synopsys/vcs/vcs/U-2023.03-SP1/etc/uvm/seq/uvm_sequence_base.svh'.
Back to file '/home/holden/Tool/synopsys/vcs/vcs/U-2023.03-SP1/etc/uvm/seq/uvm_seq.svh'.
Parsing included file '/home/holden/Tool/synopsys/vcs/vcs/U-2023.03-SP1/etc/uvm/seq/uvm_sequence.svh'.
Back to file '/home/holden/Tool/synopsys/vcs/vcs/U-2023.03-SP1/etc/uvm/seq/uvm_seq.svh'.
Parsing included file '/home/holden/Tool/synopsys/vcs/vcs/U-2023.03-SP1/etc/uvm/seq/uvm_sequence_library.svh'.
Back to file '/home/holden/Tool/synopsys/vcs/vcs/U-2023.03-SP1/etc/uvm/seq/uvm_seq.svh'.
Parsing included file '/home/holden/Tool/synopsys/vcs/vcs/U-2023.03-SP1/etc/uvm/seq/uvm_sequence_builtin.svh'.
Back to file '/home/holden/Tool/synopsys/vcs/vcs/U-2023.03-SP1/etc/uvm/seq/uvm_seq.svh'.
Back to file '/home/holden/Tool/synopsys/vcs/vcs/U-2023.03-SP1/etc/uvm/uvm_pkg.sv'.
Parsing included file '/home/holden/Tool/synopsys/vcs/vcs/U-2023.03-SP1/etc/uvm/tlm2/uvm_tlm2.svh'.
Parsing included file '/home/holden/Tool/synopsys/vcs/vcs/U-2023.03-SP1/etc/uvm/tlm2/uvm_tlm2_defines.svh'.
Back to file '/home/holden/Tool/synopsys/vcs/vcs/U-2023.03-SP1/etc/uvm/tlm2/uvm_tlm2.svh'.
Parsing included file '/home/holden/Tool/synopsys/vcs/vcs/U-2023.03-SP1/etc/uvm/tlm2/uvm_tlm2_time.svh'.
Back to file '/home/holden/Tool/synopsys/vcs/vcs/U-2023.03-SP1/etc/uvm/tlm2/uvm_tlm2.svh'.
Parsing included file '/home/holden/Tool/synopsys/vcs/vcs/U-2023.03-SP1/etc/uvm/tlm2/uvm_tlm2_generic_payload.svh'.
Back to file '/home/holden/Tool/synopsys/vcs/vcs/U-2023.03-SP1/etc/uvm/tlm2/uvm_tlm2.svh'.
Parsing included file '/home/holden/Tool/synopsys/vcs/vcs/U-2023.03-SP1/etc/uvm/tlm2/uvm_tlm2_ifs.svh'.
Back to file '/home/holden/Tool/synopsys/vcs/vcs/U-2023.03-SP1/etc/uvm/tlm2/uvm_tlm2.svh'.
Parsing included file '/home/holden/Tool/synopsys/vcs/vcs/U-2023.03-SP1/etc/uvm/tlm2/uvm_tlm2_imps.svh'.
Back to file '/home/holden/Tool/synopsys/vcs/vcs/U-2023.03-SP1/etc/uvm/tlm2/uvm_tlm2.svh'.
Parsing included file '/home/holden/Tool/synopsys/vcs/vcs/U-2023.03-SP1/etc/uvm/tlm2/uvm_tlm2_ports.svh'.
Back to file '/home/holden/Tool/synopsys/vcs/vcs/U-2023.03-SP1/etc/uvm/tlm2/uvm_tlm2.svh'.
Parsing included file '/home/holden/Tool/synopsys/vcs/vcs/U-2023.03-SP1/etc/uvm/tlm2/uvm_tlm2_exports.svh'.
Back to file '/home/holden/Tool/synopsys/vcs/vcs/U-2023.03-SP1/etc/uvm/tlm2/uvm_tlm2.svh'.
Parsing included file '/home/holden/Tool/synopsys/vcs/vcs/U-2023.03-SP1/etc/uvm/tlm2/uvm_tlm2_sockets_base.svh'.
Back to file '/home/holden/Tool/synopsys/vcs/vcs/U-2023.03-SP1/etc/uvm/tlm2/uvm_tlm2.svh'.
Parsing included file '/home/holden/Tool/synopsys/vcs/vcs/U-2023.03-SP1/etc/uvm/tlm2/uvm_tlm2_sockets.svh'.
Back to file '/home/holden/Tool/synopsys/vcs/vcs/U-2023.03-SP1/etc/uvm/tlm2/uvm_tlm2.svh'.
Back to file '/home/holden/Tool/synopsys/vcs/vcs/U-2023.03-SP1/etc/uvm/uvm_pkg.sv'.
Parsing included file '/home/holden/Tool/synopsys/vcs/vcs/U-2023.03-SP1/etc/uvm/reg/uvm_reg_model.svh'.
Parsing included file '/home/holden/Tool/synopsys/vcs/vcs/U-2023.03-SP1/etc/uvm/reg/uvm_reg_item.svh'.
Back to file '/home/holden/Tool/synopsys/vcs/vcs/U-2023.03-SP1/etc/uvm/reg/uvm_reg_model.svh'.
Parsing included file '/home/holden/Tool/synopsys/vcs/vcs/U-2023.03-SP1/etc/uvm/reg/uvm_reg_adapter.svh'.
Back to file '/home/holden/Tool/synopsys/vcs/vcs/U-2023.03-SP1/etc/uvm/reg/uvm_reg_model.svh'.
Parsing included file '/home/holden/Tool/synopsys/vcs/vcs/U-2023.03-SP1/etc/uvm/reg/uvm_reg_predictor.svh'.
Back to file '/home/holden/Tool/synopsys/vcs/vcs/U-2023.03-SP1/etc/uvm/reg/uvm_reg_model.svh'.
Parsing included file '/home/holden/Tool/synopsys/vcs/vcs/U-2023.03-SP1/etc/uvm/reg/uvm_reg_sequence.svh'.
Back to file '/home/holden/Tool/synopsys/vcs/vcs/U-2023.03-SP1/etc/uvm/reg/uvm_reg_model.svh'.
Parsing included file '/home/holden/Tool/synopsys/vcs/vcs/U-2023.03-SP1/etc/uvm/reg/uvm_reg_cbs.svh'.
Back to file '/home/holden/Tool/synopsys/vcs/vcs/U-2023.03-SP1/etc/uvm/reg/uvm_reg_model.svh'.
Parsing included file '/home/holden/Tool/synopsys/vcs/vcs/U-2023.03-SP1/etc/uvm/reg/uvm_reg_backdoor.svh'.
Back to file '/home/holden/Tool/synopsys/vcs/vcs/U-2023.03-SP1/etc/uvm/reg/uvm_reg_model.svh'.
Parsing included file '/home/holden/Tool/synopsys/vcs/vcs/U-2023.03-SP1/etc/uvm/reg/uvm_reg_field.svh'.
Back to file '/home/holden/Tool/synopsys/vcs/vcs/U-2023.03-SP1/etc/uvm/reg/uvm_reg_model.svh'.
Parsing included file '/home/holden/Tool/synopsys/vcs/vcs/U-2023.03-SP1/etc/uvm/reg/uvm_vreg_field.svh'.
Back to file '/home/holden/Tool/synopsys/vcs/vcs/U-2023.03-SP1/etc/uvm/reg/uvm_reg_model.svh'.
Parsing included file '/home/holden/Tool/synopsys/vcs/vcs/U-2023.03-SP1/etc/uvm/reg/uvm_reg.svh'.
Back to file '/home/holden/Tool/synopsys/vcs/vcs/U-2023.03-SP1/etc/uvm/reg/uvm_reg_model.svh'.
Parsing included file '/home/holden/Tool/synopsys/vcs/vcs/U-2023.03-SP1/etc/uvm/reg/uvm_reg_indirect.svh'.
Back to file '/home/holden/Tool/synopsys/vcs/vcs/U-2023.03-SP1/etc/uvm/reg/uvm_reg_model.svh'.
Parsing included file '/home/holden/Tool/synopsys/vcs/vcs/U-2023.03-SP1/etc/uvm/reg/uvm_reg_fifo.svh'.
Back to file '/home/holden/Tool/synopsys/vcs/vcs/U-2023.03-SP1/etc/uvm/reg/uvm_reg_model.svh'.
Parsing included file '/home/holden/Tool/synopsys/vcs/vcs/U-2023.03-SP1/etc/uvm/reg/uvm_reg_file.svh'.
Back to file '/home/holden/Tool/synopsys/vcs/vcs/U-2023.03-SP1/etc/uvm/reg/uvm_reg_model.svh'.
Parsing included file '/home/holden/Tool/synopsys/vcs/vcs/U-2023.03-SP1/etc/uvm/reg/uvm_mem_mam.svh'.
Back to file '/home/holden/Tool/synopsys/vcs/vcs/U-2023.03-SP1/etc/uvm/reg/uvm_reg_model.svh'.
Parsing included file '/home/holden/Tool/synopsys/vcs/vcs/U-2023.03-SP1/etc/uvm/reg/uvm_vreg.svh'.
Back to file '/home/holden/Tool/synopsys/vcs/vcs/U-2023.03-SP1/etc/uvm/reg/uvm_reg_model.svh'.
Parsing included file '/home/holden/Tool/synopsys/vcs/vcs/U-2023.03-SP1/etc/uvm/reg/uvm_mem.svh'.
Back to file '/home/holden/Tool/synopsys/vcs/vcs/U-2023.03-SP1/etc/uvm/reg/uvm_reg_model.svh'.
Parsing included file '/home/holden/Tool/synopsys/vcs/vcs/U-2023.03-SP1/etc/uvm/reg/uvm_reg_map.svh'.
Back to file '/home/holden/Tool/synopsys/vcs/vcs/U-2023.03-SP1/etc/uvm/reg/uvm_reg_model.svh'.
Parsing included file '/home/holden/Tool/synopsys/vcs/vcs/U-2023.03-SP1/etc/uvm/reg/uvm_reg_block.svh'.
Back to file '/home/holden/Tool/synopsys/vcs/vcs/U-2023.03-SP1/etc/uvm/reg/uvm_reg_model.svh'.
Parsing included file '/home/holden/Tool/synopsys/vcs/vcs/U-2023.03-SP1/etc/uvm/reg/sequences/uvm_reg_hw_reset_seq.svh'.
Back to file '/home/holden/Tool/synopsys/vcs/vcs/U-2023.03-SP1/etc/uvm/reg/uvm_reg_model.svh'.
Parsing included file '/home/holden/Tool/synopsys/vcs/vcs/U-2023.03-SP1/etc/uvm/reg/sequences/uvm_reg_bit_bash_seq.svh'.
Back to file '/home/holden/Tool/synopsys/vcs/vcs/U-2023.03-SP1/etc/uvm/reg/uvm_reg_model.svh'.
Parsing included file '/home/holden/Tool/synopsys/vcs/vcs/U-2023.03-SP1/etc/uvm/reg/sequences/uvm_mem_walk_seq.svh'.
Back to file '/home/holden/Tool/synopsys/vcs/vcs/U-2023.03-SP1/etc/uvm/reg/uvm_reg_model.svh'.
Parsing included file '/home/holden/Tool/synopsys/vcs/vcs/U-2023.03-SP1/etc/uvm/reg/sequences/uvm_mem_access_seq.svh'.
Back to file '/home/holden/Tool/synopsys/vcs/vcs/U-2023.03-SP1/etc/uvm/reg/uvm_reg_model.svh'.
Parsing included file '/home/holden/Tool/synopsys/vcs/vcs/U-2023.03-SP1/etc/uvm/reg/sequences/uvm_reg_access_seq.svh'.
Back to file '/home/holden/Tool/synopsys/vcs/vcs/U-2023.03-SP1/etc/uvm/reg/uvm_reg_model.svh'.
Parsing included file '/home/holden/Tool/synopsys/vcs/vcs/U-2023.03-SP1/etc/uvm/reg/sequences/uvm_reg_mem_shared_access_seq.svh'.
Back to file '/home/holden/Tool/synopsys/vcs/vcs/U-2023.03-SP1/etc/uvm/reg/uvm_reg_model.svh'.
Parsing included file '/home/holden/Tool/synopsys/vcs/vcs/U-2023.03-SP1/etc/uvm/reg/sequences/uvm_reg_mem_built_in_seq.svh'.
Back to file '/home/holden/Tool/synopsys/vcs/vcs/U-2023.03-SP1/etc/uvm/reg/uvm_reg_model.svh'.
Parsing included file '/home/holden/Tool/synopsys/vcs/vcs/U-2023.03-SP1/etc/uvm/reg/sequences/uvm_reg_mem_hdl_paths_seq.svh'.
Back to file '/home/holden/Tool/synopsys/vcs/vcs/U-2023.03-SP1/etc/uvm/reg/uvm_reg_model.svh'.
Parsing included file '/home/holden/Tool/synopsys/vcs/vcs/U-2023.03-SP1/etc/uvm/reg/snps_uvm_reg_bank.svh'.
Back to file '/home/holden/Tool/synopsys/vcs/vcs/U-2023.03-SP1/etc/uvm/reg/uvm_reg_model.svh'.
Back to file '/home/holden/Tool/synopsys/vcs/vcs/U-2023.03-SP1/etc/uvm/uvm_pkg.sv'.
Parsing included file '/home/holden/Tool/synopsys/vcs/vcs/U-2023.03-SP1/etc/uvm/vcs/vcs_uvm_alt.sv'.

Warning-[PII] Package importing itself
/home/holden/Tool/synopsys/vcs/vcs/U-2023.03-SP1/etc/uvm/vcs/vcs_uvm_alt.sv, 14
  Package importing itself has no effect. Package 'uvm_pkg' is importing 
  itself.
  Package is defined at 
  "/home/holden/Tool/synopsys/vcs/vcs/U-2023.03-SP1/etc/uvm/uvm_pkg.sv", 27
  Ignoring this import statement and continuing.

Back to file '/home/holden/Tool/synopsys/vcs/vcs/U-2023.03-SP1/etc/uvm/uvm_pkg.sv'.
Parsing design file '/home/holden/Tool/synopsys/vcs/vcs/U-2023.03-SP1/etc/uvm/vcs/uvm_custom_install_vcs_recorder.sv'
Parsing included file '/home/holden/Tool/synopsys/vcs/vcs/U-2023.03-SP1/etc/uvm/vcs/msglog.svh'.
Back to file '/home/holden/Tool/synopsys/vcs/vcs/U-2023.03-SP1/etc/uvm/vcs/uvm_custom_install_vcs_recorder.sv'.
Parsing included file '/home/holden/Tool/synopsys/vcs/vcs/U-2023.03-SP1/etc/uvm/vcs/uvm_msglog_report_server.sv'.
Back to file '/home/holden/Tool/synopsys/vcs/vcs/U-2023.03-SP1/etc/uvm/vcs/uvm_custom_install_vcs_recorder.sv'.
Parsing included file '/home/holden/Tool/synopsys/vcs/vcs/U-2023.03-SP1/etc/uvm/vcs/uvm_vcs_recorder.svh'.
Back to file '/home/holden/Tool/synopsys/vcs/vcs/U-2023.03-SP1/etc/uvm/vcs/uvm_custom_install_vcs_recorder.sv'.
Parsing included file '/home/holden/Tool/synopsys/vcs/vcs/U-2023.03-SP1/etc/uvm/vcs/uvm_vcs_record_interface.sv'.
Back to file '/home/holden/Tool/synopsys/vcs/vcs/U-2023.03-SP1/etc/uvm/vcs/uvm_custom_install_vcs_recorder.sv'.
Parsing design file '/home/holden/Tool/synopsys/vcs/vcs/U-2023.03-SP1/etc/uvm/verdi/uvm_custom_install_verdi_recorder.sv'
Parsing included file '/home/holden/Tool/synopsys/vcs/vcs/U-2023.03-SP1/etc/uvm/uvm_macros.svh'.
Back to file '/home/holden/Tool/synopsys/vcs/vcs/U-2023.03-SP1/etc/uvm/verdi/uvm_custom_install_verdi_recorder.sv'.
Parsing included file '/home/holden/Tool/synopsys/vcs/vcs/U-2023.03-SP1/etc/uvm/verdi/uvm_verdi_recorder.svh'.
Parsing included file '/home/holden/Tool/synopsys/vcs/vcs/U-2023.03-SP1/etc/uvm/verdi/uvm_verdi_pli_base.svh'.
Back to file '/home/holden/Tool/synopsys/vcs/vcs/U-2023.03-SP1/etc/uvm/verdi/uvm_verdi_recorder.svh'.
Back to file '/home/holden/Tool/synopsys/vcs/vcs/U-2023.03-SP1/etc/uvm/verdi/uvm_custom_install_verdi_recorder.sv'.
Parsing included file '/home/holden/Tool/synopsys/vcs/vcs/U-2023.03-SP1/etc/uvm/verdi/uvm_verdi_reg_map_recording.sv'.
Back to file '/home/holden/Tool/synopsys/vcs/vcs/U-2023.03-SP1/etc/uvm/verdi/uvm_custom_install_verdi_recorder.sv'.
Parsing included file '/home/holden/Tool/synopsys/vcs/vcs/U-2023.03-SP1/etc/uvm/verdi/uvm_verdi_message_catcher.svh'.
Parsing included file '/home/holden/Tool/synopsys/vcs/vcs/U-2023.03-SP1/etc/uvm/verdi/uvm_verdi_pli_base.svh'.
Back to file '/home/holden/Tool/synopsys/vcs/vcs/U-2023.03-SP1/etc/uvm/verdi/uvm_verdi_message_catcher.svh'.
Back to file '/home/holden/Tool/synopsys/vcs/vcs/U-2023.03-SP1/etc/uvm/verdi/uvm_custom_install_verdi_recorder.sv'.
Parsing included file '/home/holden/Tool/synopsys/vcs/vcs/U-2023.03-SP1/etc/uvm/verdi/./dpi/uvm_verdi_dpi.svh'.
Back to file '/home/holden/Tool/synopsys/vcs/vcs/U-2023.03-SP1/etc/uvm/verdi/uvm_custom_install_verdi_recorder.sv'.
Parsing included file '/home/holden/Tool/synopsys/vcs/vcs/U-2023.03-SP1/etc/uvm/verdi/uvm_verdi_reg_recording.sv'.
Back to file '/home/holden/Tool/synopsys/vcs/vcs/U-2023.03-SP1/etc/uvm/verdi/uvm_custom_install_verdi_recorder.sv'.
Parsing included file '/home/holden/Tool/synopsys/verdi/verdi/U-2023.03-SP1/share/PLI/VCS/include/verdi_trans_recorder_dpi.svh'.
Back to file '/home/holden/Tool/synopsys/vcs/vcs/U-2023.03-SP1/etc/uvm/verdi/uvm_custom_install_verdi_recorder.sv'.
Parsing included file '/home/holden/Tool/synopsys/vcs/vcs/U-2023.03-SP1/etc/uvm/verdi/uvm_verdi_pli.svh'.
Back to file '/home/holden/Tool/synopsys/vcs/vcs/U-2023.03-SP1/etc/uvm/verdi/uvm_custom_install_verdi_recorder.sv'.
Parsing design file '/home/holden/Tool/synopsys/vcs/vcs/U-2023.03-SP1/etc/uvm/verdi/uvm_custom_install_verdi_recorder.sv'
Parsing design file 'input_if.sv'
Parsing design file 'output_if.sv'
Parsing design file '../rtl/adder.sv'

Warning-[IPDASP] Identifier in ANSI port declaration
../rtl/adder.sv, 2
  Redeclaration of ANSI ports not allowed for 'state', this will be an error 
  in a future release

Parsing design file './my_pkg.sv'
Parsing included file '/home/holden/Tool/synopsys/vcs/vcs/U-2023.03-SP1/etc/uvm/uvm_macros.svh'.
Back to file './my_pkg.sv'.
Parsing included file './tr_in.sv'.
Back to file './my_pkg.sv'.
Parsing included file './tr_out.sv'.
Back to file './my_pkg.sv'.
Parsing included file './sequence_in.sv'.
Back to file './my_pkg.sv'.
Parsing included file './driver_in.sv'.
Back to file './my_pkg.sv'.
Parsing included file './driver_out.sv'.
Back to file './my_pkg.sv'.
Parsing included file './monitor_in.sv'.
Back to file './my_pkg.sv'.
Parsing included file './monitor_out.sv'.
Back to file './my_pkg.sv'.
Parsing included file './agent_in.sv'.
Back to file './my_pkg.sv'.
Parsing included file './agent_out.sv'.
Back to file './my_pkg.sv'.
Parsing included file './refmod.sv'.
Back to file './my_pkg.sv'.
Parsing included file './coverage.sv'.
Back to file './my_pkg.sv'.
Parsing included file './scoreboard.sv'.
Back to file './my_pkg.sv'.
Parsing included file './env.sv'.
Back to file './my_pkg.sv'.
Parsing included file './simple_test.sv'.
Back to file './my_pkg.sv'.
Parsing design file 'top.sv'
Top Level Modules:
       uvm_custom_install_recording
       uvm_custom_install_verdi_recording
       top
No TimeScale specified
Notice: Ports coerced to inout, use -notice for details
Starting vcs inline pass...

10 modules and 0 UDP read.
recompiling module uvm_custom_install_verdi_recording
	However, due to incremental compilation, only 1 module needs to be compiled. 
make[1]: Entering directory `/home/holden/systemc_work/uvm_python/UVM_Python-master/tb/csrc' \

rm -f _cuarc*.so _csrc*.so pre_vcsobj_*.so share_vcsobj_*.so
g++ -w  -pipe -DVCS -DUVM_DPI_DO_TYPE_CHECK -fPIC -O -I/home/holden/Tool/synopsys/vcs/vcs/U-2023.03-SP1/include \
-c /home/holden/Tool/synopsys/vcs/vcs/U-2023.03-SP1/etc/uvm/dpi/uvm_dpi.cc
g++ -w  -pipe -DVCS -DUVM_DPI_DO_TYPE_CHECK -fPIC -O -I/home/holden/Tool/synopsys/vcs/vcs/U-2023.03-SP1/include \
-c /home/holden/Tool/synopsys/vcs/vcs/U-2023.03-SP1/etc/uvm/verdi/dpi/uvm_verdi_dpi.cpp \

if [ -x ../simv ]; then chmod a-x ../simv; fi
g++  -o ../simv      -rdynamic  -Wl,-rpath='$ORIGIN'/simv.daidir -Wl,-rpath=./simv.daidir \
-Wl,-rpath=/home/holden/Tool/synopsys/vcs/vcs/U-2023.03-SP1/linux64/lib -L/home/holden/Tool/synopsys/vcs/vcs/U-2023.03-SP1/linux64/lib \
-Wl,-rpath-link=./  /usr/lib64/libnuma.so.1 uvm_dpi.o uvm_verdi_dpi.o   objs/amcQw_d.o \
_14022_archive_1.so _prev_archive_1.so  SIM_l.o      rmapats_mop.o rmapats.o rmar.o \
rmar_nd.o  rmar_llvm_0_1.o rmar_llvm_0_0.o            -lvirsim -lerrorinf -lsnpsmalloc \
-lvfs test.so    -lvcsnew -lsimprofile -luclinative /home/holden/Tool/synopsys/vcs/vcs/U-2023.03-SP1/linux64/lib/vcs_tls.o \
-Wl,-whole-archive  -lvcsucli    -Wl,-no-whole-archive       ./../simv.daidir/vc_hdrs.o \
_vcs_pli_stub_.o   /home/holden/Tool/synopsys/vcs/vcs/U-2023.03-SP1/linux64/lib/vcs_save_restore_new.o \
/home/holden/Tool/synopsys/verdi/verdi/U-2023.03-SP1/share/PLI/VCS/LINUX64/pli.a \
-ldl  -lc -lm -lpthread -ldl 
../simv up to date
make[1]: Leaving directory `/home/holden/systemc_work/uvm_python/UVM_Python-master/tb/csrc' \

Command: /home/holden/systemc_work/uvm_python/UVM_Python-master/tb/./simv -lca +UVM_TESTNAME=simple_test -a vcs.log
Chronologic VCS simulator copyright 1991-2023
Contains Synopsys proprietary information.
Compiler version U-2023.03-SP1_Full64; Runtime version U-2023.03-SP1_Full64;  May 21 22:21 2024
----------------------------------------------------------------
UVM-1.1d.Synopsys
(C) 2007-2013 Mentor Graphics Corporation
(C) 2007-2013 Cadence Design Systems, Inc.
(C) 2006-2013 Synopsys, Inc.
(C) 2011-2013 Cypress Semiconductor Corp.
----------------------------------------------------------------

  ***********       IMPORTANT RELEASE NOTES         ************

  You are using a version of the UVM library that has been compiled
  with `UVM_NO_DEPRECATED undefined.
  See http://www.eda.org/svdb/view.php?id=3313 for more details.

  You are using a version of the UVM library that has been compiled
  with `UVM_OBJECT_MUST_HAVE_CONSTRUCTOR undefined.
  See http://www.eda.org/svdb/view.php?id=3770 for more details.

      (Specify +UVM_NO_RELNOTES to turn off this notice)

VCD+ Writer U-2023.03-SP1_Full64 Copyright (c) 1991-2023 by Synopsys Inc.
UVM_INFO @ 0: reporter [RNTST] Running test simple_test...
transa:          1
min_transa:       5000
  820699296
transa:          2
min_transa:       5000
UVM_INFO @ 45: uvm_test_top.env_h.scb.comp [Comparator Match] 
transa:          3
min_transa:       5000
  950553641
transa:          4
min_transa:       5000
UVM_INFO @ 75: uvm_test_top.env_h.scb.comp [Comparator Match] 
transa:          5
min_transa:       5000
 1329427846
transa:          6
min_transa:       5000
UVM_INFO @ 105: uvm_test_top.env_h.scb.comp [Comparator Match] 
transa:          7
min_transa:       5000
 1016255048
transa:          8
min_transa:       5000
UVM_INFO @ 135: uvm_test_top.env_h.scb.comp [Comparator Match] 
transa:          9
min_transa:       5000
  219415566
transa:         10
min_transa:       5000
UVM_INFO @ 165: uvm_test_top.env_h.scb.comp [Comparator Match] 
transa:         11
min_transa:       5000
  326551084
transa:         12
min_transa:       5000
UVM_INFO @ 195: uvm_test_top.env_h.scb.comp [Comparator Match] 
transa:         13
min_transa:       5000
  702880571
transa:         14
min_transa:       5000
UVM_INFO @ 225: uvm_test_top.env_h.scb.comp [Comparator Match] 
transa:         15
min_transa:       5000
  120742878
transa:         16
min_transa:       5000
UVM_INFO @ 255: uvm_test_top.env_h.scb.comp [Comparator Match] 
transa:         17
min_transa:       5000
-2058808005
transa:         18
min_transa:       5000
UVM_INFO @ 285: uvm_test_top.env_h.scb.comp [Comparator Match] 
transa:         19
min_transa:       5000
 1325430968
transa:         20
min_transa:       5000
UVM_INFO @ 315: uvm_test_top.env_h.scb.comp [Comparator Match] 
transa:         21
min_transa:       5000
  338251829
transa:         22
min_transa:       5000
UVM_INFO @ 345: uvm_test_top.env_h.scb.comp [Comparator Match] 
transa:         23
min_transa:       5000
 1891322005
transa:         24
min_transa:       5000
UVM_INFO @ 375: uvm_test_top.env_h.scb.comp [Comparator Match] 
transa:         25
min_transa:       5000
  402413199
transa:         26
min_transa:       5000
UVM_INFO @ 405: uvm_test_top.env_h.scb.comp [Comparator Match] 
transa:         27
min_transa:       5000
 -758981408
transa:         28
min_transa:       5000
UVM_INFO @ 435: uvm_test_top.env_h.scb.comp [Comparator Match] 
transa:         29
min_transa:       5000
 1537228801
transa:         30
min_transa:       5000
UVM_INFO @ 465: uvm_test_top.env_h.scb.comp [Comparator Match] 
transa:         31
min_transa:       5000
 -786543077
transa:         32
min_transa:       5000
UVM_INFO @ 495: uvm_test_top.env_h.scb.comp [Comparator Match] 
transa:         33
min_transa:       5000
 1669974930
transa:         34
min_transa:       5000
UVM_INFO @ 525: uvm_test_top.env_h.scb.comp [Comparator Match] 
transa:         35
min_transa:       5000
 1072933982
transa:         36
min_transa:       5000
UVM_INFO @ 555: uvm_test_top.env_h.scb.comp [Comparator Match] 
transa:         37
min_transa:       5000
-1591636990
transa:         38
min_transa:       5000
UVM_INFO @ 585: uvm_test_top.env_h.scb.comp [Comparator Match] 
transa:         39
min_transa:       5000
-1780541172
transa:         40
min_transa:       5000
UVM_INFO @ 615: uvm_test_top.env_h.scb.comp [Comparator Match] 
transa:         41
min_transa:       5000
  333171875
transa:         42
min_transa:       5000
UVM_INFO @ 645: uvm_test_top.env_h.scb.comp [Comparator Match] 
transa:         43
min_transa:       5000
  668224551
transa:         44
min_transa:       5000
UVM_INFO @ 675: uvm_test_top.env_h.scb.comp [Comparator Match] 
transa:         45
min_transa:       5000
 1341015754
transa:         46
min_transa:       5000
UVM_INFO @ 705: uvm_test_top.env_h.scb.comp [Comparator Match] 
transa:         47
min_transa:       5000
  631637881
transa:         48
min_transa:       5000
UVM_INFO @ 735: uvm_test_top.env_h.scb.comp [Comparator Match] 
transa:         49
min_transa:       5000
 1540748948
transa:         50
min_transa:       5000
UVM_INFO @ 765: uvm_test_top.env_h.scb.comp [Comparator Match] 
transa:         51
min_transa:       5000
-1882876706
transa:         52
min_transa:       5000
UVM_INFO @ 795: uvm_test_top.env_h.scb.comp [Comparator Match] 
transa:         53
min_transa:       5000
 2075967883
transa:         54
min_transa:       5000
UVM_INFO @ 825: uvm_test_top.env_h.scb.comp [Comparator Match] 
transa:         55
min_transa:       5000
 1635096796
transa:         56
min_transa:       5000
UVM_INFO @ 855: uvm_test_top.env_h.scb.comp [Comparator Match] 
transa:         57
min_transa:       5000
 1757856653
transa:         58
min_transa:       5000
UVM_INFO @ 885: uvm_test_top.env_h.scb.comp [Comparator Match] 
transa:         59
min_transa:       5000
 -424672060
transa:         60
min_transa:       5000
UVM_INFO @ 915: uvm_test_top.env_h.scb.comp [Comparator Match] 
transa:         61
min_transa:       5000
-1482473678
transa:         62
min_transa:       5000
UVM_INFO @ 945: uvm_test_top.env_h.scb.comp [Comparator Match] 
transa:         63
min_transa:       5000
 -890078817
transa:         64
min_transa:       5000
UVM_INFO @ 975: uvm_test_top.env_h.scb.comp [Comparator Match] 
transa:         65
min_transa:       5000
-1495504869
transa:         66
min_transa:       5000
UVM_INFO @ 1005: uvm_test_top.env_h.scb.comp [Comparator Match] 
transa:         67
min_transa:       5000
 1537865918
transa:         68
min_transa:       5000
UVM_INFO @ 1035: uvm_test_top.env_h.scb.comp [Comparator Match] 
transa:         69
min_transa:       5000
 -580704988
transa:         70
min_transa:       5000
UVM_INFO @ 1065: uvm_test_top.env_h.scb.comp [Comparator Match] 
transa:         71
min_transa:       5000
-2063579936
transa:         72
min_transa:       5000
UVM_INFO @ 1095: uvm_test_top.env_h.scb.comp [Comparator Match] 
transa:         73
min_transa:       5000
  381084878
transa:         74
min_transa:       5000
UVM_INFO @ 1125: uvm_test_top.env_h.scb.comp [Comparator Match] 
transa:         75
min_transa:       5000
 2004933095
transa:         76
min_transa:       5000
UVM_INFO @ 1155: uvm_test_top.env_h.scb.comp [Comparator Match] 
transa:         77
min_transa:       5000
 -146072583
transa:         78
min_transa:       5000
UVM_INFO @ 1185: uvm_test_top.env_h.scb.comp [Comparator Match] 
transa:         79
min_transa:       5000
 -858824463
transa:         80
min_transa:       5000
UVM_INFO @ 1215: uvm_test_top.env_h.scb.comp [Comparator Match] 
transa:         81
min_transa:       5000
 1829589302
transa:         82
min_transa:       5000
UVM_INFO @ 1245: uvm_test_top.env_h.scb.comp [Comparator Match] 
transa:         83
min_transa:       5000
 -390328037
transa:         84
min_transa:       5000
UVM_INFO @ 1275: uvm_test_top.env_h.scb.comp [Comparator Match] 
transa:         85
min_transa:       5000
  342314112
transa:         86
min_transa:       5000
UVM_INFO @ 1305: uvm_test_top.env_h.scb.comp [Comparator Match] 
transa:         87
min_transa:       5000
 1669786444
transa:         88
min_transa:       5000
UVM_INFO @ 1335: uvm_test_top.env_h.scb.comp [Comparator Match] 
transa:         89
min_transa:       5000
 -773861153
transa:         90
min_transa:       5000
UVM_INFO @ 1365: uvm_test_top.env_h.scb.comp [Comparator Match] 
transa:         91
min_transa:       5000
 -507281595
transa:         92
min_transa:       5000
UVM_INFO @ 1395: uvm_test_top.env_h.scb.comp [Comparator Match] 
transa:         93
min_transa:       5000
 -996068611
transa:         94
min_transa:       5000
UVM_INFO @ 1425: uvm_test_top.env_h.scb.comp [Comparator Match] 
transa:         95
min_transa:       5000
 1929788830
transa:         96
min_transa:       5000
UVM_INFO @ 1455: uvm_test_top.env_h.scb.comp [Comparator Match] 
transa:         97
min_transa:       5000
  300888183
transa:         98
min_transa:       5000
UVM_INFO @ 1485: uvm_test_top.env_h.scb.comp [Comparator Match] 
transa:         99
min_transa:       5000
  949425631
transa:        100
min_transa:       5000
UVM_INFO @ 1515: uvm_test_top.env_h.scb.comp [Comparator Match] 
transa:        101
min_transa:       5000
 1980383434
transa:        102
min_transa:       5000
UVM_INFO @ 1545: uvm_test_top.env_h.scb.comp [Comparator Match] 
transa:        103
min_transa:       5000
  403806096
transa:        104
min_transa:       5000
UVM_INFO @ 1575: uvm_test_top.env_h.scb.comp [Comparator Match] 
transa:        105
min_transa:       5000
-1981279939
transa:        106
min_transa:       5000
UVM_INFO @ 1605: uvm_test_top.env_h.scb.comp [Comparator Match] 
transa:        107
min_transa:       5000
 1731372833
transa:        108
min_transa:       5000
UVM_INFO @ 1635: uvm_test_top.env_h.scb.comp [Comparator Match] 
transa:        109
min_transa:       5000
  986862107
transa:        110
min_transa:       5000
UVM_INFO @ 1665: uvm_test_top.env_h.scb.comp [Comparator Match] 
transa:        111
min_transa:       5000
 1565500165
transa:        112
min_transa:       5000
UVM_INFO @ 1695: uvm_test_top.env_h.scb.comp [Comparator Match] 
transa:        113
min_transa:       5000
  775319284
transa:        114
min_transa:       5000
UVM_INFO @ 1725: uvm_test_top.env_h.scb.comp [Comparator Match] 
transa:        115
min_transa:       5000
  134948488
transa:        116
min_transa:       5000
UVM_INFO @ 1755: uvm_test_top.env_h.scb.comp [Comparator Match] 
transa:        117
min_transa:       5000
-1241276635
transa:        118
min_transa:       5000
UVM_INFO @ 1785: uvm_test_top.env_h.scb.comp [Comparator Match] 
transa:        119
min_transa:       5000
 1380491072
transa:        120
min_transa:       5000
UVM_INFO @ 1815: uvm_test_top.env_h.scb.comp [Comparator Match] 
transa:        121
min_transa:       5000
 1098822840
transa:        122
min_transa:       5000
UVM_INFO @ 1845: uvm_test_top.env_h.scb.comp [Comparator Match] 
transa:        123
min_transa:       5000
 -118826629
transa:        124
min_transa:       5000
UVM_INFO @ 1875: uvm_test_top.env_h.scb.comp [Comparator Match] 
transa:        125
min_transa:       5000
 1322577722
transa:        126
min_transa:       5000
UVM_INFO @ 1905: uvm_test_top.env_h.scb.comp [Comparator Match] 
transa:        127
min_transa:       5000
 1779749435
transa:        128
min_transa:       5000
UVM_INFO @ 1935: uvm_test_top.env_h.scb.comp [Comparator Match] 
transa:        129
min_transa:       5000
  524117642
transa:        130
min_transa:       5000
UVM_INFO @ 1965: uvm_test_top.env_h.scb.comp [Comparator Match] 
transa:        131
min_transa:       5000
 -521732558
transa:        132
min_transa:       5000
UVM_INFO @ 1995: uvm_test_top.env_h.scb.comp [Comparator Match] 
transa:        133
min_transa:       5000
 1582954266
transa:        134
min_transa:       5000
UVM_INFO @ 2025: uvm_test_top.env_h.scb.comp [Comparator Match] 
transa:        135
min_transa:       5000
  131610405
transa:        136
min_transa:       5000
UVM_INFO @ 2055: uvm_test_top.env_h.scb.comp [Comparator Match] 
transa:        137
min_transa:       5000
  334373789
transa:        138
min_transa:       5000
UVM_INFO @ 2085: uvm_test_top.env_h.scb.comp [Comparator Match] 
transa:        139
min_transa:       5000
  500733244
transa:        140
min_transa:       5000
UVM_INFO @ 2115: uvm_test_top.env_h.scb.comp [Comparator Match] 
transa:        141
min_transa:       5000
 -923137355
transa:        142
min_transa:       5000
UVM_INFO @ 2145: uvm_test_top.env_h.scb.comp [Comparator Match] 
transa:        143
min_transa:       5000
-1671655253
transa:        144
min_transa:       5000
UVM_INFO @ 2175: uvm_test_top.env_h.scb.comp [Comparator Match] 
transa:        145
min_transa:       5000
 1394292491
transa:        146
min_transa:       5000
UVM_INFO @ 2205: uvm_test_top.env_h.scb.comp [Comparator Match] 
transa:        147
min_transa:       5000
 1202757927
transa:        148
min_transa:       5000
UVM_INFO @ 2235: uvm_test_top.env_h.scb.comp [Comparator Match] 
transa:        149
min_transa:       5000
  929379125
transa:        150
min_transa:       5000
UVM_INFO @ 2265: uvm_test_top.env_h.scb.comp [Comparator Match] 
transa:        151
min_transa:       5000
  304221073
transa:        152
min_transa:       5000
UVM_INFO @ 2295: uvm_test_top.env_h.scb.comp [Comparator Match] 
transa:        153
min_transa:       5000
 -961156223
transa:        154
min_transa:       5000
UVM_INFO @ 2325: uvm_test_top.env_h.scb.comp [Comparator Match] 
transa:        155
min_transa:       5000
    2068766
transa:        156
min_transa:       5000
UVM_INFO @ 2355: uvm_test_top.env_h.scb.comp [Comparator Match] 
transa:        157
min_transa:       5000
 1934064592
transa:        158
min_transa:       5000
UVM_INFO @ 2385: uvm_test_top.env_h.scb.comp [Comparator Match] 
transa:        159
min_transa:       5000
 1439143944
transa:        160
min_transa:       5000
UVM_INFO @ 2415: uvm_test_top.env_h.scb.comp [Comparator Match] 
transa:        161
min_transa:       5000
-1293451901
transa:        162
min_transa:       5000
UVM_INFO @ 2445: uvm_test_top.env_h.scb.comp [Comparator Match] 
transa:        163
min_transa:       5000
 -724177651
transa:        164
min_transa:       5000
UVM_INFO @ 2475: uvm_test_top.env_h.scb.comp [Comparator Match] 
transa:        165
min_transa:       5000
 -691009178
transa:        166
min_transa:       5000
UVM_INFO @ 2505: uvm_test_top.env_h.scb.comp [Comparator Match] 
transa:        167
min_transa:       5000
 1213028531
transa:        168
min_transa:       5000
UVM_INFO @ 2535: uvm_test_top.env_h.scb.comp [Comparator Match] 
transa:        169
min_transa:       5000
-1188318589
transa:        170
min_transa:       5000
UVM_INFO @ 2565: uvm_test_top.env_h.scb.comp [Comparator Match] 
transa:        171
min_transa:       5000
  316395817
transa:        172
min_transa:       5000
UVM_INFO @ 2595: uvm_test_top.env_h.scb.comp [Comparator Match] 
transa:        173
min_transa:       5000
-1354608391
transa:        174
min_transa:       5000
UVM_INFO @ 2625: uvm_test_top.env_h.scb.comp [Comparator Match] 
transa:        175
min_transa:       5000
  911983036
transa:        176
min_transa:       5000
UVM_INFO @ 2655: uvm_test_top.env_h.scb.comp [Comparator Match] 
transa:        177
min_transa:       5000
 1917068652
transa:        178
min_transa:       5000
UVM_INFO @ 2685: uvm_test_top.env_h.scb.comp [Comparator Match] 
transa:        179
min_transa:       5000
   43553824
transa:        180
min_transa:       5000
UVM_INFO @ 2715: uvm_test_top.env_h.scb.comp [Comparator Match] 
transa:        181
min_transa:       5000
 1917060831
transa:        182
min_transa:       5000
UVM_INFO @ 2745: uvm_test_top.env_h.scb.comp [Comparator Match] 
transa:        183
min_transa:       5000
 -515092102
transa:        184
min_transa:       5000
UVM_INFO @ 2775: uvm_test_top.env_h.scb.comp [Comparator Match] 
transa:        185
min_transa:       5000
  524693574
transa:        186
min_transa:       5000
UVM_INFO @ 2805: uvm_test_top.env_h.scb.comp [Comparator Match] 
transa:        187
min_transa:       5000
 -361413595
transa:        188
min_transa:       5000
UVM_INFO @ 2835: uvm_test_top.env_h.scb.comp [Comparator Match] 
transa:        189
min_transa:       5000
  750561274
transa:        190
min_transa:       5000
UVM_INFO @ 2865: uvm_test_top.env_h.scb.comp [Comparator Match] 
transa:        191
min_transa:       5000
 -763931947
transa:        192
min_transa:       5000
UVM_INFO @ 2895: uvm_test_top.env_h.scb.comp [Comparator Match] 
transa:        193
min_transa:       5000
  458758835
transa:        194
min_transa:       5000
UVM_INFO @ 2925: uvm_test_top.env_h.scb.comp [Comparator Match] 
transa:        195
min_transa:       5000
-1021076560
transa:        196
min_transa:       5000
UVM_INFO @ 2955: uvm_test_top.env_h.scb.comp [Comparator Match] 
transa:        197
min_transa:       5000
-1277363478
transa:        198
min_transa:       5000
UVM_INFO @ 2985: uvm_test_top.env_h.scb.comp [Comparator Match] 
transa:        199
min_transa:       5000
  194909703
transa:        200
min_transa:       5000
UVM_INFO @ 3015: uvm_test_top.env_h.scb.comp [Comparator Match] 
transa:        201
min_transa:       5000
  391475365
transa:        202
min_transa:       5000
UVM_INFO @ 3045: uvm_test_top.env_h.scb.comp [Comparator Match] 
transa:        203
min_transa:       5000
 -763936515
transa:        204
min_transa:       5000
UVM_INFO @ 3075: uvm_test_top.env_h.scb.comp [Comparator Match] 
transa:        205
min_transa:       5000
-2060100921
transa:        206
min_transa:       5000
UVM_INFO @ 3105: uvm_test_top.env_h.scb.comp [Comparator Match] 
transa:        207
min_transa:       5000
 2105288868
transa:        208
min_transa:       5000
UVM_INFO @ 3135: uvm_test_top.env_h.scb.comp [Comparator Match] 
transa:        209
min_transa:       5000
 1615872424
transa:        210
min_transa:       5000
UVM_INFO @ 3165: uvm_test_top.env_h.scb.comp [Comparator Match] 
transa:        211
min_transa:       5000
-1952595044
transa:        212
min_transa:       5000
UVM_INFO @ 3195: uvm_test_top.env_h.scb.comp [Comparator Match] 
transa:        213
min_transa:       5000
    4716873
transa:        214
min_transa:       5000
UVM_INFO @ 3225: uvm_test_top.env_h.scb.comp [Comparator Match] 
transa:        215
min_transa:       5000
-1798690443
transa:        216
min_transa:       5000
UVM_INFO @ 3255: uvm_test_top.env_h.scb.comp [Comparator Match] 
transa:        217
min_transa:       5000
 1943010742
transa:        218
min_transa:       5000
UVM_INFO @ 3285: uvm_test_top.env_h.scb.comp [Comparator Match] 
transa:        219
min_transa:       5000
-1721728338
transa:        220
min_transa:       5000
UVM_INFO @ 3315: uvm_test_top.env_h.scb.comp [Comparator Match] 
transa:        221
min_transa:       5000
-1804315785
transa:        222
min_transa:       5000
UVM_INFO @ 3345: uvm_test_top.env_h.scb.comp [Comparator Match] 
transa:        223
min_transa:       5000
   50073987
transa:        224
min_transa:       5000
UVM_INFO @ 3375: uvm_test_top.env_h.scb.comp [Comparator Match] 
transa:        225
min_transa:       5000
-1353977432
transa:        226
min_transa:       5000
UVM_INFO @ 3405: uvm_test_top.env_h.scb.comp [Comparator Match] 
transa:        227
min_transa:       5000
-1507854344
transa:        228
min_transa:       5000
UVM_INFO @ 3435: uvm_test_top.env_h.scb.comp [Comparator Match] 
transa:        229
min_transa:       5000
-1070349606
transa:        230
min_transa:       5000
UVM_INFO @ 3465: uvm_test_top.env_h.scb.comp [Comparator Match] 
transa:        231
min_transa:       5000
  904546086
transa:        232
min_transa:       5000
UVM_INFO @ 3495: uvm_test_top.env_h.scb.comp [Comparator Match] 
transa:        233
min_transa:       5000
  763458368
transa:        234
min_transa:       5000
UVM_INFO @ 3525: uvm_test_top.env_h.scb.comp [Comparator Match] 
transa:        235
min_transa:       5000
  524793691
transa:        236
min_transa:       5000
UVM_INFO @ 3555: uvm_test_top.env_h.scb.comp [Comparator Match] 
transa:        237
min_transa:       5000
 1371648760
transa:        238
min_transa:       5000
UVM_INFO @ 3585: uvm_test_top.env_h.scb.comp [Comparator Match] 
transa:        239
min_transa:       5000
-1856228495
transa:        240
min_transa:       5000
UVM_INFO @ 3615: uvm_test_top.env_h.scb.comp [Comparator Match] 
transa:        241
min_transa:       5000
  432900652
transa:        242
min_transa:       5000
UVM_INFO @ 3645: uvm_test_top.env_h.scb.comp [Comparator Match] 
transa:        243
min_transa:       5000
 -440321033
transa:        244
min_transa:       5000
UVM_INFO @ 3675: uvm_test_top.env_h.scb.comp [Comparator Match] 
transa:        245
min_transa:       5000
-1181259321
transa:        246
min_transa:       5000
UVM_INFO @ 3705: uvm_test_top.env_h.scb.comp [Comparator Match] 
transa:        247
min_transa:       5000
  957914180
transa:        248
min_transa:       5000
UVM_INFO @ 3735: uvm_test_top.env_h.scb.comp [Comparator Match] 
transa:        249
min_transa:       5000
 1398132584
transa:        250
min_transa:       5000
UVM_INFO @ 3765: uvm_test_top.env_h.scb.comp [Comparator Match] 
transa:        251
min_transa:       5000
 1197853026
transa:        252
min_transa:       5000
UVM_INFO @ 3795: uvm_test_top.env_h.scb.comp [Comparator Match] 
transa:        253
min_transa:       5000
 -938968374
transa:        254
min_transa:       5000
UVM_INFO @ 3825: uvm_test_top.env_h.scb.comp [Comparator Match] 
transa:        255
min_transa:       5000
 -444857436
transa:        256
min_transa:       5000
UVM_INFO @ 3855: uvm_test_top.env_h.scb.comp [Comparator Match] 
transa:        257
min_transa:       5000
 1815508668
transa:        258
min_transa:       5000
UVM_INFO @ 3885: uvm_test_top.env_h.scb.comp [Comparator Match] 
transa:        259
min_transa:       5000
  560595186
transa:        260
min_transa:       5000
UVM_INFO @ 3915: uvm_test_top.env_h.scb.comp [Comparator Match] 
transa:        261
min_transa:       5000
 -670191092
transa:        262
min_transa:       5000
UVM_INFO @ 3945: uvm_test_top.env_h.scb.comp [Comparator Match] 
transa:        263
min_transa:       5000
 2075268324
transa:        264
min_transa:       5000
UVM_INFO @ 3975: uvm_test_top.env_h.scb.comp [Comparator Match] 
transa:        265
min_transa:       5000
 1742679782
transa:        266
min_transa:       5000
UVM_INFO @ 4005: uvm_test_top.env_h.scb.comp [Comparator Match] 
transa:        267
min_transa:       5000
  499642674
transa:        268
min_transa:       5000
UVM_INFO @ 4035: uvm_test_top.env_h.scb.comp [Comparator Match] 
transa:        269
min_transa:       5000
   -4089060
transa:        270
min_transa:       5000
UVM_INFO @ 4065: uvm_test_top.env_h.scb.comp [Comparator Match] 
transa:        271
min_transa:       5000
 1239863915
transa:        272
min_transa:       5000
UVM_INFO @ 4095: uvm_test_top.env_h.scb.comp [Comparator Match] 
transa:        273
min_transa:       5000
-1423911290
transa:        274
min_transa:       5000
UVM_INFO @ 4125: uvm_test_top.env_h.scb.comp [Comparator Match] 
transa:        275
min_transa:       5000
  317011160
transa:        276
min_transa:       5000
UVM_INFO @ 4155: uvm_test_top.env_h.scb.comp [Comparator Match] 
transa:        277
min_transa:       5000
-1864216506
transa:        278
min_transa:       5000
UVM_INFO @ 4185: uvm_test_top.env_h.scb.comp [Comparator Match] 
transa:        279
min_transa:       5000
-1977681305
transa:        280
min_transa:       5000
UVM_INFO @ 4215: uvm_test_top.env_h.scb.comp [Comparator Match] 
transa:        281
min_transa:       5000
  643328517
transa:        282
min_transa:       5000
UVM_INFO @ 4245: uvm_test_top.env_h.scb.comp [Comparator Match] 
transa:        283
min_transa:       5000
 1155806887
transa:        284
min_transa:       5000
UVM_INFO @ 4275: uvm_test_top.env_h.scb.comp [Comparator Match] 
transa:        285
min_transa:       5000
-1730189168
transa:        286
min_transa:       5000
UVM_INFO @ 4305: uvm_test_top.env_h.scb.comp [Comparator Match] 
transa:        287
min_transa:       5000
   29512792
transa:        288
min_transa:       5000
UVM_INFO @ 4335: uvm_test_top.env_h.scb.comp [Comparator Match] 
transa:        289
min_transa:       5000
 -950575485
transa:        290
min_transa:       5000
UVM_INFO @ 4365: uvm_test_top.env_h.scb.comp [Comparator Match] 
transa:        291
min_transa:       5000
 2080848050
transa:        292
min_transa:       5000
UVM_INFO @ 4395: uvm_test_top.env_h.scb.comp [Comparator Match] 
transa:        293
min_transa:       5000
  390752086
transa:        294
min_transa:       5000
UVM_INFO @ 4425: uvm_test_top.env_h.scb.comp [Comparator Match] 
transa:        295
min_transa:       5000
  556506748
transa:        296
min_transa:       5000
UVM_INFO @ 4455: uvm_test_top.env_h.scb.comp [Comparator Match] 
transa:        297
min_transa:       5000
 1200960653
transa:        298
min_transa:       5000
UVM_INFO @ 4485: uvm_test_top.env_h.scb.comp [Comparator Match] 
transa:        299
min_transa:       5000
 -936516817
transa:        300
min_transa:       5000
UVM_INFO @ 4515: uvm_test_top.env_h.scb.comp [Comparator Match] 
transa:        301
min_transa:       5000
  607460650
transa:        302
min_transa:       5000
UVM_INFO @ 4545: uvm_test_top.env_h.scb.comp [Comparator Match] 
transa:        303
min_transa:       5000
 -682899302
transa:        304
min_transa:       5000
UVM_INFO @ 4575: uvm_test_top.env_h.scb.comp [Comparator Match] 
transa:        305
min_transa:       5000
  739808503
transa:        306
min_transa:       5000
UVM_INFO @ 4605: uvm_test_top.env_h.scb.comp [Comparator Match] 
transa:        307
min_transa:       5000
  176345322
transa:        308
min_transa:       5000
UVM_INFO @ 4635: uvm_test_top.env_h.scb.comp [Comparator Match] 
transa:        309
min_transa:       5000
 -178997624
transa:        310
min_transa:       5000
UVM_INFO @ 4665: uvm_test_top.env_h.scb.comp [Comparator Match] 
transa:        311
min_transa:       5000
 -790868909
transa:        312
min_transa:       5000
UVM_INFO @ 4695: uvm_test_top.env_h.scb.comp [Comparator Match] 
transa:        313
min_transa:       5000
  -93299481
transa:        314
min_transa:       5000
UVM_INFO @ 4725: uvm_test_top.env_h.scb.comp [Comparator Match] 
transa:        315
min_transa:       5000
 -490485172
transa:        316
min_transa:       5000
UVM_INFO @ 4755: uvm_test_top.env_h.scb.comp [Comparator Match] 
transa:        317
min_transa:       5000
-1070936124
transa:        318
min_transa:       5000
UVM_INFO @ 4785: uvm_test_top.env_h.scb.comp [Comparator Match] 
transa:        319
min_transa:       5000
  491687441
transa:        320
min_transa:       5000
UVM_INFO @ 4815: uvm_test_top.env_h.scb.comp [Comparator Match] 
transa:        321
min_transa:       5000
 1190158816
transa:        322
min_transa:       5000
UVM_INFO @ 4845: uvm_test_top.env_h.scb.comp [Comparator Match] 
transa:        323
min_transa:       5000
  257314776
transa:        324
min_transa:       5000
UVM_INFO @ 4875: uvm_test_top.env_h.scb.comp [Comparator Match] 
transa:        325
min_transa:       5000
 1574934128
transa:        326
min_transa:       5000
UVM_INFO @ 4905: uvm_test_top.env_h.scb.comp [Comparator Match] 
transa:        327
min_transa:       5000
  306575613
transa:        328
min_transa:       5000
UVM_INFO @ 4935: uvm_test_top.env_h.scb.comp [Comparator Match] 
transa:        329
min_transa:       5000
  -30229027
transa:        330
min_transa:       5000
UVM_INFO @ 4965: uvm_test_top.env_h.scb.comp [Comparator Match] 
transa:        331
min_transa:       5000
-1704553046
transa:        332
min_transa:       5000
UVM_INFO @ 4995: uvm_test_top.env_h.scb.comp [Comparator Match] 
transa:        333
min_transa:       5000
  721370942
transa:        334
min_transa:       5000
UVM_INFO @ 5025: uvm_test_top.env_h.scb.comp [Comparator Match] 
transa:        335
min_transa:       5000
 1462304252
transa:        336
min_transa:       5000
UVM_INFO @ 5055: uvm_test_top.env_h.scb.comp [Comparator Match] 
transa:        337
min_transa:       5000
 1390360523
transa:        338
min_transa:       5000
UVM_INFO @ 5085: uvm_test_top.env_h.scb.comp [Comparator Match] 
transa:        339
min_transa:       5000
 1388323658
transa:        340
min_transa:       5000
UVM_INFO @ 5115: uvm_test_top.env_h.scb.comp [Comparator Match] 
transa:        341
min_transa:       5000
-1236561085
transa:        342
min_transa:       5000
UVM_INFO @ 5145: uvm_test_top.env_h.scb.comp [Comparator Match] 
transa:        343
min_transa:       5000
  470485275
transa:        344
min_transa:       5000
UVM_INFO @ 5175: uvm_test_top.env_h.scb.comp [Comparator Match] 
transa:        345
min_transa:       5000
  157381717
transa:        346
min_transa:       5000
UVM_INFO @ 5205: uvm_test_top.env_h.scb.comp [Comparator Match] 
transa:        347
min_transa:       5000
  142655284
transa:        348
min_transa:       5000
UVM_INFO @ 5235: uvm_test_top.env_h.scb.comp [Comparator Match] 
transa:        349
min_transa:       5000
  738038997
transa:        350
min_transa:       5000
UVM_INFO @ 5265: uvm_test_top.env_h.scb.comp [Comparator Match] 
transa:        351
min_transa:       5000
 1344460946
transa:        352
min_transa:       5000
UVM_INFO @ 5295: uvm_test_top.env_h.scb.comp [Comparator Match] 
transa:        353
min_transa:       5000
-1127303289
transa:        354
min_transa:       5000
UVM_INFO @ 5325: uvm_test_top.env_h.scb.comp [Comparator Match] 
transa:        355
min_transa:       5000
-1232891074
transa:        356
min_transa:       5000
UVM_INFO @ 5355: uvm_test_top.env_h.scb.comp [Comparator Match] 
transa:        357
min_transa:       5000
 1056257502
transa:        358
min_transa:       5000
UVM_INFO @ 5385: uvm_test_top.env_h.scb.comp [Comparator Match] 
transa:        359
min_transa:       5000
  761360979
transa:        360
min_transa:       5000
UVM_INFO @ 5415: uvm_test_top.env_h.scb.comp [Comparator Match] 
transa:        361
min_transa:       5000
 -859216270
transa:        362
min_transa:       5000
UVM_INFO @ 5445: uvm_test_top.env_h.scb.comp [Comparator Match] 
transa:        363
min_transa:       5000
 -673969780
transa:        364
min_transa:       5000
UVM_INFO @ 5475: uvm_test_top.env_h.scb.comp [Comparator Match] 
transa:        365
min_transa:       5000
 1803116169
transa:        366
min_transa:       5000
UVM_INFO @ 5505: uvm_test_top.env_h.scb.comp [Comparator Match] 
transa:        367
min_transa:       5000
  604450453
transa:        368
min_transa:       5000
UVM_INFO @ 5535: uvm_test_top.env_h.scb.comp [Comparator Match] 
transa:        369
min_transa:       5000
-1695660032
transa:        370
min_transa:       5000
UVM_INFO @ 5565: uvm_test_top.env_h.scb.comp [Comparator Match] 
transa:        371
min_transa:       5000
 -559689219
transa:        372
min_transa:       5000
UVM_INFO @ 5595: uvm_test_top.env_h.scb.comp [Comparator Match] 
transa:        373
min_transa:       5000
 1452011534
transa:        374
min_transa:       5000
UVM_INFO @ 5625: uvm_test_top.env_h.scb.comp [Comparator Match] 
transa:        375
min_transa:       5000
 1464329064
transa:        376
min_transa:       5000
UVM_INFO @ 5655: uvm_test_top.env_h.scb.comp [Comparator Match] 
transa:        377
min_transa:       5000
 -763615096
transa:        378
min_transa:       5000
UVM_INFO @ 5685: uvm_test_top.env_h.scb.comp [Comparator Match] 
transa:        379
min_transa:       5000
 -765426123
transa:        380
min_transa:       5000
UVM_INFO @ 5715: uvm_test_top.env_h.scb.comp [Comparator Match] 
transa:        381
min_transa:       5000
  613941726
transa:        382
min_transa:       5000
UVM_INFO @ 5745: uvm_test_top.env_h.scb.comp [Comparator Match] 
transa:        383
min_transa:       5000
-1111715335
transa:        384
min_transa:       5000
UVM_INFO @ 5775: uvm_test_top.env_h.scb.comp [Comparator Match] 
transa:        385
min_transa:       5000
  -34850473
transa:        386
min_transa:       5000
UVM_INFO @ 5805: uvm_test_top.env_h.scb.comp [Comparator Match] 
transa:        387
min_transa:       5000
  468119204
transa:        388
min_transa:       5000
UVM_INFO @ 5835: uvm_test_top.env_h.scb.comp [Comparator Match] 
transa:        389
min_transa:       5000
 -121322192
transa:        390
min_transa:       5000
UVM_INFO @ 5865: uvm_test_top.env_h.scb.comp [Comparator Match] 
transa:        391
min_transa:       5000
   17791442
transa:        392
min_transa:       5000
UVM_INFO @ 5895: uvm_test_top.env_h.scb.comp [Comparator Match] 
transa:        393
min_transa:       5000
 -763029136
transa:        394
min_transa:       5000
UVM_INFO @ 5925: uvm_test_top.env_h.scb.comp [Comparator Match] 
transa:        395
min_transa:       5000
  654755771
transa:        396
min_transa:       5000
UVM_INFO @ 5955: uvm_test_top.env_h.scb.comp [Comparator Match] 
transa:        397
min_transa:       5000
-1924285322
transa:        398
min_transa:       5000
UVM_INFO @ 5985: uvm_test_top.env_h.scb.comp [Comparator Match] 
transa:        399
min_transa:       5000
  827576810
transa:        400
min_transa:       5000
UVM_INFO @ 6015: uvm_test_top.env_h.scb.comp [Comparator Match] 
transa:        401
min_transa:       5000
-1576199895
transa:        402
min_transa:       5000
UVM_INFO @ 6045: uvm_test_top.env_h.scb.comp [Comparator Match] 
transa:        403
min_transa:       5000
 -335890407
transa:        404
min_transa:       5000
UVM_INFO @ 6075: uvm_test_top.env_h.scb.comp [Comparator Match] 
transa:        405
min_transa:       5000
-1309026737
transa:        406
min_transa:       5000
UVM_INFO @ 6105: uvm_test_top.env_h.scb.comp [Comparator Match] 
transa:        407
min_transa:       5000
  263043069
transa:        408
min_transa:       5000
UVM_INFO @ 6135: uvm_test_top.env_h.scb.comp [Comparator Match] 
transa:        409
min_transa:       5000
-1531077111
transa:        410
min_transa:       5000
UVM_INFO @ 6165: uvm_test_top.env_h.scb.comp [Comparator Match] 
transa:        411
min_transa:       5000
 -390840341
transa:        412
min_transa:       5000
UVM_INFO @ 6195: uvm_test_top.env_h.scb.comp [Comparator Match] 
transa:        413
min_transa:       5000
 -581734789
transa:        414
min_transa:       5000
UVM_INFO @ 6225: uvm_test_top.env_h.scb.comp [Comparator Match] 
transa:        415
min_transa:       5000
  577963878
transa:        416
min_transa:       5000
UVM_INFO @ 6255: uvm_test_top.env_h.scb.comp [Comparator Match] 
transa:        417
min_transa:       5000
-1520051808
transa:        418
min_transa:       5000
UVM_INFO @ 6285: uvm_test_top.env_h.scb.comp [Comparator Match] 
transa:        419
min_transa:       5000
 1264868689
transa:        420
min_transa:       5000
UVM_INFO @ 6315: uvm_test_top.env_h.scb.comp [Comparator Match] 
transa:        421
min_transa:       5000
-1129209558
transa:        422
min_transa:       5000
UVM_INFO @ 6345: uvm_test_top.env_h.scb.comp [Comparator Match] 
transa:        423
min_transa:       5000
  585572672
transa:        424
min_transa:       5000
UVM_INFO @ 6375: uvm_test_top.env_h.scb.comp [Comparator Match] 
transa:        425
min_transa:       5000
-1118337438
transa:        426
min_transa:       5000
UVM_INFO @ 6405: uvm_test_top.env_h.scb.comp [Comparator Match] 
transa:        427
min_transa:       5000
-1510751043
transa:        428
min_transa:       5000
UVM_INFO @ 6435: uvm_test_top.env_h.scb.comp [Comparator Match] 
transa:        429
min_transa:       5000
  701385063
transa:        430
min_transa:       5000
UVM_INFO @ 6465: uvm_test_top.env_h.scb.comp [Comparator Match] 
transa:        431
min_transa:       5000
 1263147047
transa:        432
min_transa:       5000
UVM_INFO @ 6495: uvm_test_top.env_h.scb.comp [Comparator Match] 
transa:        433
min_transa:       5000
  885526408
transa:        434
min_transa:       5000
UVM_INFO @ 6525: uvm_test_top.env_h.scb.comp [Comparator Match] 
transa:        435
min_transa:       5000
 1017358764
transa:        436
min_transa:       5000
UVM_INFO @ 6555: uvm_test_top.env_h.scb.comp [Comparator Match] 
transa:        437
min_transa:       5000
 1504573677
transa:        438
min_transa:       5000
UVM_INFO @ 6585: uvm_test_top.env_h.scb.comp [Comparator Match] 
transa:        439
min_transa:       5000
  676128782
transa:        440
min_transa:       5000
UVM_INFO @ 6615: uvm_test_top.env_h.scb.comp [Comparator Match] 
transa:        441
min_transa:       5000
 -205065432
transa:        442
min_transa:       5000
UVM_INFO @ 6645: uvm_test_top.env_h.scb.comp [Comparator Match] 
transa:        443
min_transa:       5000
 -548294549
transa:        444
min_transa:       5000
UVM_INFO @ 6675: uvm_test_top.env_h.scb.comp [Comparator Match] 
transa:        445
min_transa:       5000
  606263033
transa:        446
min_transa:       5000
UVM_INFO @ 6705: uvm_test_top.env_h.scb.comp [Comparator Match] 
transa:        447
min_transa:       5000
-2084912567
transa:        448
min_transa:       5000
UVM_INFO @ 6735: uvm_test_top.env_h.scb.comp [Comparator Match] 
transa:        449
min_transa:       5000
-1499444154
transa:        450
min_transa:       5000
UVM_INFO @ 6765: uvm_test_top.env_h.scb.comp [Comparator Match] 
transa:        451
min_transa:       5000
 1526267566
transa:        452
min_transa:       5000
UVM_INFO @ 6795: uvm_test_top.env_h.scb.comp [Comparator Match] 
transa:        453
min_transa:       5000
 -652078831
transa:        454
min_transa:       5000
UVM_INFO @ 6825: uvm_test_top.env_h.scb.comp [Comparator Match] 
transa:        455
min_transa:       5000
 1992319490
transa:        456
min_transa:       5000
UVM_INFO @ 6855: uvm_test_top.env_h.scb.comp [Comparator Match] 
transa:        457
min_transa:       5000
 1593916661
transa:        458
min_transa:       5000
UVM_INFO @ 6885: uvm_test_top.env_h.scb.comp [Comparator Match] 
transa:        459
min_transa:       5000
 1697030674
transa:        460
min_transa:       5000
UVM_INFO @ 6915: uvm_test_top.env_h.scb.comp [Comparator Match] 
transa:        461
min_transa:       5000
 -541264738
transa:        462
min_transa:       5000
UVM_INFO @ 6945: uvm_test_top.env_h.scb.comp [Comparator Match] 
transa:        463
min_transa:       5000
 -367897138
transa:        464
min_transa:       5000
UVM_INFO @ 6975: uvm_test_top.env_h.scb.comp [Comparator Match] 
transa:        465
min_transa:       5000
-1728768691
transa:        466
min_transa:       5000
UVM_INFO @ 7005: uvm_test_top.env_h.scb.comp [Comparator Match] 
transa:        467
min_transa:       5000
 -972450927
transa:        468
min_transa:       5000
UVM_INFO @ 7035: uvm_test_top.env_h.scb.comp [Comparator Match] 
transa:        469
min_transa:       5000
  553681036
transa:        470
min_transa:       5000
UVM_INFO @ 7065: uvm_test_top.env_h.scb.comp [Comparator Match] 
transa:        471
min_transa:       5000
  349993497
transa:        472
min_transa:       5000
UVM_INFO @ 7095: uvm_test_top.env_h.scb.comp [Comparator Match] 
transa:        473
min_transa:       5000
-1861341760
transa:        474
min_transa:       5000
UVM_INFO @ 7125: uvm_test_top.env_h.scb.comp [Comparator Match] 
transa:        475
min_transa:       5000
 -174335210
transa:        476
min_transa:       5000
UVM_INFO @ 7155: uvm_test_top.env_h.scb.comp [Comparator Match] 
transa:        477
min_transa:       5000
 -504055666
transa:        478
min_transa:       5000
UVM_INFO @ 7185: uvm_test_top.env_h.scb.comp [Comparator Match] 
transa:        479
min_transa:       5000
 1109394329
transa:        480
min_transa:       5000
UVM_INFO @ 7215: uvm_test_top.env_h.scb.comp [Comparator Match] 
transa:        481
min_transa:       5000
 -788213554
transa:        482
min_transa:       5000
UVM_INFO @ 7245: uvm_test_top.env_h.scb.comp [Comparator Match] 
transa:        483
min_transa:       5000
 -224780399
transa:        484
min_transa:       5000
UVM_INFO @ 7275: uvm_test_top.env_h.scb.comp [Comparator Match] 
transa:        485
min_transa:       5000
-1384052164
transa:        486
min_transa:       5000
UVM_INFO @ 7305: uvm_test_top.env_h.scb.comp [Comparator Match] 
transa:        487
min_transa:       5000
 -549183035
transa:        488
min_transa:       5000
UVM_INFO @ 7335: uvm_test_top.env_h.scb.comp [Comparator Match] 
transa:        489
min_transa:       5000
  634460159
transa:        490
min_transa:       5000
UVM_INFO @ 7365: uvm_test_top.env_h.scb.comp [Comparator Match] 
transa:        491
min_transa:       5000
 -749466480
transa:        492
min_transa:       5000
UVM_INFO @ 7395: uvm_test_top.env_h.scb.comp [Comparator Match] 
transa:        493
min_transa:       5000
 1836608411
transa:        494
min_transa:       5000
UVM_INFO @ 7425: uvm_test_top.env_h.scb.comp [Comparator Match] 
transa:        495
min_transa:       5000
-1210256944
transa:        496
min_transa:       5000
UVM_INFO @ 7455: uvm_test_top.env_h.scb.comp [Comparator Match] 
transa:        497
min_transa:       5000
  117498994
transa:        498
min_transa:       5000
UVM_INFO @ 7485: uvm_test_top.env_h.scb.comp [Comparator Match] 
transa:        499
min_transa:       5000
 1755334091
transa:        500
min_transa:       5000
UVM_INFO @ 7515: uvm_test_top.env_h.scb.comp [Comparator Match] 
transa:        501
min_transa:       5000
-1224862305
transa:        502
min_transa:       5000
UVM_INFO @ 7545: uvm_test_top.env_h.scb.comp [Comparator Match] 
transa:        503
min_transa:       5000
  694043666
transa:        504
min_transa:       5000
UVM_INFO @ 7575: uvm_test_top.env_h.scb.comp [Comparator Match] 
transa:        505
min_transa:       5000
 -451075036
transa:        506
min_transa:       5000
UVM_INFO @ 7605: uvm_test_top.env_h.scb.comp [Comparator Match] 
transa:        507
min_transa:       5000
 2094696207
transa:        508
min_transa:       5000
UVM_INFO @ 7635: uvm_test_top.env_h.scb.comp [Comparator Match] 
transa:        509
min_transa:       5000
 -391864793
transa:        510
min_transa:       5000
UVM_INFO @ 7665: uvm_test_top.env_h.scb.comp [Comparator Match] 
transa:        511
min_transa:       5000
  567275151
transa:        512
min_transa:       5000
UVM_INFO @ 7695: uvm_test_top.env_h.scb.comp [Comparator Match] 
transa:        513
min_transa:       5000
  263024788
transa:        514
min_transa:       5000
UVM_INFO @ 7725: uvm_test_top.env_h.scb.comp [Comparator Match] 
transa:        515
min_transa:       5000
 1850673487
transa:        516
min_transa:       5000
UVM_INFO @ 7755: uvm_test_top.env_h.scb.comp [Comparator Match] 
transa:        517
min_transa:       5000
-1747724838
transa:        518
min_transa:       5000
UVM_INFO @ 7785: uvm_test_top.env_h.scb.comp [Comparator Match] 
transa:        519
min_transa:       5000
  916210391
transa:        520
min_transa:       5000
UVM_INFO @ 7815: uvm_test_top.env_h.scb.comp [Comparator Match] 
transa:        521
min_transa:       5000
   39867897
transa:        522
min_transa:       5000
UVM_INFO @ 7845: uvm_test_top.env_h.scb.comp [Comparator Match] 
transa:        523
min_transa:       5000
 2044466046
transa:        524
min_transa:       5000
UVM_INFO @ 7875: uvm_test_top.env_h.scb.comp [Comparator Match] 
transa:        525
min_transa:       5000
 1300662539
transa:        526
min_transa:       5000
UVM_INFO @ 7905: uvm_test_top.env_h.scb.comp [Comparator Match] 
transa:        527
min_transa:       5000
-1140880410
transa:        528
min_transa:       5000
UVM_INFO @ 7935: uvm_test_top.env_h.scb.comp [Comparator Match] 
transa:        529
min_transa:       5000
 -945575803
transa:        530
min_transa:       5000
UVM_INFO @ 7965: uvm_test_top.env_h.scb.comp [Comparator Match] 
transa:        531
min_transa:       5000
 -438016134
transa:        532
min_transa:       5000
UVM_INFO @ 7995: uvm_test_top.env_h.scb.comp [Comparator Match] 
transa:        533
min_transa:       5000
 2039198130
transa:        534
min_transa:       5000
UVM_INFO @ 8025: uvm_test_top.env_h.scb.comp [Comparator Match] 
transa:        535
min_transa:       5000
  -15250738
transa:        536
min_transa:       5000
UVM_INFO @ 8055: uvm_test_top.env_h.scb.comp [Comparator Match] 
transa:        537
min_transa:       5000
 1195885517
transa:        538
min_transa:       5000
UVM_INFO @ 8085: uvm_test_top.env_h.scb.comp [Comparator Match] 
transa:        539
min_transa:       5000
 -304129864
transa:        540
min_transa:       5000
UVM_INFO @ 8115: uvm_test_top.env_h.scb.comp [Comparator Match] 
transa:        541
min_transa:       5000
 1137914338
transa:        542
min_transa:       5000
UVM_INFO @ 8145: uvm_test_top.env_h.scb.comp [Comparator Match] 
transa:        543
min_transa:       5000
  646583553
transa:        544
min_transa:       5000
UVM_INFO @ 8175: uvm_test_top.env_h.scb.comp [Comparator Match] 
transa:        545
min_transa:       5000
-1596339944
transa:        546
min_transa:       5000
UVM_INFO @ 8205: uvm_test_top.env_h.scb.comp [Comparator Match] 
transa:        547
min_transa:       5000
 1734518082
transa:        548
min_transa:       5000
UVM_INFO @ 8235: uvm_test_top.env_h.scb.comp [Comparator Match] 
transa:        549
min_transa:       5000
 -516940876
transa:        550
min_transa:       5000
UVM_INFO @ 8265: uvm_test_top.env_h.scb.comp [Comparator Match] 
transa:        551
min_transa:       5000
 1043335457
transa:        552
min_transa:       5000
UVM_INFO @ 8295: uvm_test_top.env_h.scb.comp [Comparator Match] 
transa:        553
min_transa:       5000
 1717012861
transa:        554
min_transa:       5000
UVM_INFO @ 8325: uvm_test_top.env_h.scb.comp [Comparator Match] 
transa:        555
min_transa:       5000
 1144346604
transa:        556
min_transa:       5000
UVM_INFO @ 8355: uvm_test_top.env_h.scb.comp [Comparator Match] 
transa:        557
min_transa:       5000
 -257868866
transa:        558
min_transa:       5000
UVM_INFO @ 8385: uvm_test_top.env_h.scb.comp [Comparator Match] 
transa:        559
min_transa:       5000
 1349394258
transa:        560
min_transa:       5000
UVM_INFO @ 8415: uvm_test_top.env_h.scb.comp [Comparator Match] 
transa:        561
min_transa:       5000
 1356258874
transa:        562
min_transa:       5000
UVM_INFO @ 8445: uvm_test_top.env_h.scb.comp [Comparator Match] 
transa:        563
min_transa:       5000
 -506853214
transa:        564
min_transa:       5000
UVM_INFO @ 8475: uvm_test_top.env_h.scb.comp [Comparator Match] 
transa:        565
min_transa:       5000
 1365743590
transa:        566
min_transa:       5000
UVM_INFO @ 8505: uvm_test_top.env_h.scb.comp [Comparator Match] 
transa:        567
min_transa:       5000
 -350374735
transa:        568
min_transa:       5000
UVM_INFO @ 8535: uvm_test_top.env_h.scb.comp [Comparator Match] 
transa:        569
min_transa:       5000
-1878031749
transa:        570
min_transa:       5000
UVM_INFO @ 8565: uvm_test_top.env_h.scb.comp [Comparator Match] 
transa:        571
min_transa:       5000
  -53571268
transa:        572
min_transa:       5000
UVM_INFO @ 8595: uvm_test_top.env_h.scb.comp [Comparator Match] 
transa:        573
min_transa:       5000
 1537155560
transa:        574
min_transa:       5000
UVM_INFO @ 8625: uvm_test_top.env_h.scb.comp [Comparator Match] 
transa:        575
min_transa:       5000
 -355633212
transa:        576
min_transa:       5000
UVM_INFO @ 8655: uvm_test_top.env_h.scb.comp [Comparator Match] 
transa:        577
min_transa:       5000
 1031577230
transa:        578
min_transa:       5000
UVM_INFO @ 8685: uvm_test_top.env_h.scb.comp [Comparator Match] 
transa:        579
min_transa:       5000
   57073919
transa:        580
min_transa:       5000
UVM_INFO @ 8715: uvm_test_top.env_h.scb.comp [Comparator Match] 
transa:        581
min_transa:       5000
  659329131
transa:        582
min_transa:       5000
UVM_INFO @ 8745: uvm_test_top.env_h.scb.comp [Comparator Match] 
transa:        583
min_transa:       5000
-1254438143
transa:        584
min_transa:       5000
UVM_INFO @ 8775: uvm_test_top.env_h.scb.comp [Comparator Match] 
transa:        585
min_transa:       5000
 -951444007
transa:        586
min_transa:       5000
UVM_INFO @ 8805: uvm_test_top.env_h.scb.comp [Comparator Match] 
transa:        587
min_transa:       5000
 1708805722
transa:        588
min_transa:       5000
UVM_INFO @ 8835: uvm_test_top.env_h.scb.comp [Comparator Match] 
transa:        589
min_transa:       5000
 1720607572
transa:        590
min_transa:       5000
UVM_INFO @ 8865: uvm_test_top.env_h.scb.comp [Comparator Match] 
transa:        591
min_transa:       5000
 -311071005
transa:        592
min_transa:       5000
UVM_INFO @ 8895: uvm_test_top.env_h.scb.comp [Comparator Match] 
transa:        593
min_transa:       5000
-1834680424
transa:        594
min_transa:       5000
UVM_INFO @ 8925: uvm_test_top.env_h.scb.comp [Comparator Match] 
transa:        595
min_transa:       5000
-1764258232
transa:        596
min_transa:       5000
UVM_INFO @ 8955: uvm_test_top.env_h.scb.comp [Comparator Match] 
transa:        597
min_transa:       5000
 1401813809
transa:        598
min_transa:       5000
UVM_INFO @ 8985: uvm_test_top.env_h.scb.comp [Comparator Match] 
transa:        599
min_transa:       5000
 -370526531
transa:        600
min_transa:       5000
UVM_INFO @ 9015: uvm_test_top.env_h.scb.comp [Comparator Match] 
transa:        601
min_transa:       5000
-1683812508
transa:        602
min_transa:       5000
UVM_INFO @ 9045: uvm_test_top.env_h.scb.comp [Comparator Match] 
transa:        603
min_transa:       5000
 -790840978
transa:        604
min_transa:       5000
UVM_INFO @ 9075: uvm_test_top.env_h.scb.comp [Comparator Match] 
transa:        605
min_transa:       5000
  151528355
transa:        606
min_transa:       5000
UVM_INFO @ 9105: uvm_test_top.env_h.scb.comp [Comparator Match] 
transa:        607
min_transa:       5000
 2013504492
transa:        608
min_transa:       5000
UVM_INFO @ 9135: uvm_test_top.env_h.scb.comp [Comparator Match] 
transa:        609
min_transa:       5000
 -695736476
transa:        610
min_transa:       5000
UVM_INFO @ 9165: uvm_test_top.env_h.scb.comp [Comparator Match] 
transa:        611
min_transa:       5000
 1392090414
transa:        612
min_transa:       5000
UVM_INFO @ 9195: uvm_test_top.env_h.scb.comp [Comparator Match] 
UVM_FATAL /home/holden/Tool/synopsys/vcs/vcs/U-2023.03-SP1/etc/uvm/base/uvm_phase.svh(1257) @ 9200: reporter [PH_TIMEOUT] Default timeout of 9200 hit, indicating a probable testbench issue

--- UVM Report Summary ---

** Report counts by severity
UVM_INFO :  307
UVM_WARNING :    0
UVM_ERROR :    0
UVM_FATAL :    1
** Report counts by id
[Comparator Match]   306
[PH_TIMEOUT]     1
[RNTST]     1
$finish called from file "/home/holden/Tool/synopsys/vcs/vcs/U-2023.03-SP1/etc/uvm/base/uvm_report_object.svh", line 292.
$finish at simulation time                 9200
           V C S   S i m u l a t i o n   R e p o r t 
Time: 9200
CPU Time:     14.030 seconds;       Data structure size:   0.6Mb
Tue May 21 22:21:54 2024
CPU time: 25.422 seconds to compile + .764 seconds to elab + 2.071 seconds to link + 14.096 seconds in simulation
Verdi KDB elaboration done and the database successfully generated: 0 error(s), 0 warning(s)
